2024/08/31 20:28:55 [error] [exception.Error] Error: Cannot instantiate abstract class CActiveRecord in C:\xampp\htdocs\klinik-app\vendor\yiisoft\yii\framework\db\ar\CActiveRecord.php:397
Stack trace:
#0 C:\xampp\htdocs\klinik-app\protected\components\UserIdentity.php(20): CActiveRecord::model()
#1 C:\xampp\htdocs\klinik-app\protected\models\LoginForm.php(29): UserIdentity->authenticate()
#2 C:\xampp\htdocs\klinik-app\vendor\yiisoft\yii\framework\validators\CInlineValidator.php(42): LoginForm->authenticate('password', Array)
#3 C:\xampp\htdocs\klinik-app\vendor\yiisoft\yii\framework\validators\CValidator.php(201): CInlineValidator->validateAttribute(Object(LoginForm), 'password')
#4 C:\xampp\htdocs\klinik-app\vendor\yiisoft\yii\framework\base\CModel.php(159): CValidator->validate(Object(LoginForm), Array)
#5 C:\xampp\htdocs\klinik-app\protected\controllers\SiteController.php(116): CModel->validate()
#6 C:\xampp\htdocs\klinik-app\vendor\yiisoft\yii\framework\web\actions\CInlineAction.php(49): SiteController->actionLogin()
#7 C:\xampp\htdocs\klinik-app\vendor\yiisoft\yii\framework\web\CController.php(308): CInlineAction->runWithParams(Array)
#8 C:\xampp\htdocs\klinik-app\vendor\yiisoft\yii\framework\web\CController.php(286): CController->runAction(Object(CInlineAction))
#9 C:\xampp\htdocs\klinik-app\vendor\yiisoft\yii\framework\web\CController.php(265): CController->runActionWithFilters(Object(CInlineAction), Array)
#10 C:\xampp\htdocs\klinik-app\vendor\yiisoft\yii\framework\web\CWebApplication.php(282): CController->run('login')
#11 C:\xampp\htdocs\klinik-app\vendor\yiisoft\yii\framework\web\CWebApplication.php(141): CWebApplication->runController('site/login')
#12 C:\xampp\htdocs\klinik-app\vendor\yiisoft\yii\framework\base\CApplication.php(185): CWebApplication->processRequest()
#13 C:\xampp\htdocs\klinik-app\index.php(13): CApplication->run()
#14 {main}
REQUEST_URI=/klinik-app/index.php/site/login
HTTP_REFERER=http://localhost/klinik-app/index.php/site/login
---
2024/08/31 20:29:13 [error] [exception.Error] Error: Cannot instantiate abstract class CActiveRecord in C:\xampp\htdocs\klinik-app\vendor\yiisoft\yii\framework\db\ar\CActiveRecord.php:397
Stack trace:
#0 C:\xampp\htdocs\klinik-app\protected\components\UserIdentity.php(20): CActiveRecord::model()
#1 C:\xampp\htdocs\klinik-app\protected\models\LoginForm.php(29): UserIdentity->authenticate()
#2 C:\xampp\htdocs\klinik-app\vendor\yiisoft\yii\framework\validators\CInlineValidator.php(42): LoginForm->authenticate('password', Array)
#3 C:\xampp\htdocs\klinik-app\vendor\yiisoft\yii\framework\validators\CValidator.php(201): CInlineValidator->validateAttribute(Object(LoginForm), 'password')
#4 C:\xampp\htdocs\klinik-app\vendor\yiisoft\yii\framework\base\CModel.php(159): CValidator->validate(Object(LoginForm), Array)
#5 C:\xampp\htdocs\klinik-app\protected\controllers\SiteController.php(116): CModel->validate()
#6 C:\xampp\htdocs\klinik-app\vendor\yiisoft\yii\framework\web\actions\CInlineAction.php(49): SiteController->actionLogin()
#7 C:\xampp\htdocs\klinik-app\vendor\yiisoft\yii\framework\web\CController.php(308): CInlineAction->runWithParams(Array)
#8 C:\xampp\htdocs\klinik-app\vendor\yiisoft\yii\framework\web\CController.php(286): CController->runAction(Object(CInlineAction))
#9 C:\xampp\htdocs\klinik-app\vendor\yiisoft\yii\framework\web\CController.php(265): CController->runActionWithFilters(Object(CInlineAction), Array)
#10 C:\xampp\htdocs\klinik-app\vendor\yiisoft\yii\framework\web\CWebApplication.php(282): CController->run('login')
#11 C:\xampp\htdocs\klinik-app\vendor\yiisoft\yii\framework\web\CWebApplication.php(141): CWebApplication->runController('site/login')
#12 C:\xampp\htdocs\klinik-app\vendor\yiisoft\yii\framework\base\CApplication.php(185): CWebApplication->processRequest()
#13 C:\xampp\htdocs\klinik-app\index.php(13): CApplication->run()
#14 {main}
REQUEST_URI=/klinik-app/index.php/site/login
HTTP_REFERER=http://localhost/klinik-app/index.php/site/login
---
2024/08/31 20:29:21 [error] [exception.Error] Error: Cannot instantiate abstract class CActiveRecord in C:\xampp\htdocs\klinik-app\vendor\yiisoft\yii\framework\db\ar\CActiveRecord.php:397
Stack trace:
#0 C:\xampp\htdocs\klinik-app\protected\components\UserIdentity.php(20): CActiveRecord::model()
#1 C:\xampp\htdocs\klinik-app\protected\models\LoginForm.php(29): UserIdentity->authenticate()
#2 C:\xampp\htdocs\klinik-app\vendor\yiisoft\yii\framework\validators\CInlineValidator.php(42): LoginForm->authenticate('password', Array)
#3 C:\xampp\htdocs\klinik-app\vendor\yiisoft\yii\framework\validators\CValidator.php(201): CInlineValidator->validateAttribute(Object(LoginForm), 'password')
#4 C:\xampp\htdocs\klinik-app\vendor\yiisoft\yii\framework\base\CModel.php(159): CValidator->validate(Object(LoginForm), Array)
#5 C:\xampp\htdocs\klinik-app\protected\controllers\SiteController.php(116): CModel->validate()
#6 C:\xampp\htdocs\klinik-app\vendor\yiisoft\yii\framework\web\actions\CInlineAction.php(49): SiteController->actionLogin()
#7 C:\xampp\htdocs\klinik-app\vendor\yiisoft\yii\framework\web\CController.php(308): CInlineAction->runWithParams(Array)
#8 C:\xampp\htdocs\klinik-app\vendor\yiisoft\yii\framework\web\CController.php(286): CController->runAction(Object(CInlineAction))
#9 C:\xampp\htdocs\klinik-app\vendor\yiisoft\yii\framework\web\CController.php(265): CController->runActionWithFilters(Object(CInlineAction), Array)
#10 C:\xampp\htdocs\klinik-app\vendor\yiisoft\yii\framework\web\CWebApplication.php(282): CController->run('login')
#11 C:\xampp\htdocs\klinik-app\vendor\yiisoft\yii\framework\web\CWebApplication.php(141): CWebApplication->runController('site/login')
#12 C:\xampp\htdocs\klinik-app\vendor\yiisoft\yii\framework\base\CApplication.php(185): CWebApplication->processRequest()
#13 C:\xampp\htdocs\klinik-app\index.php(13): CApplication->run()
#14 {main}
REQUEST_URI=/klinik-app/index.php/site/login
HTTP_REFERER=http://localhost/klinik-app/index.php/site/login
---
2024/08/31 20:35:14 [error] [exception.Error] Error: Cannot instantiate abstract class CActiveRecord in C:\xampp\htdocs\klinik-app\vendor\yiisoft\yii\framework\db\ar\CActiveRecord.php:397
Stack trace:
#0 C:\xampp\htdocs\klinik-app\protected\components\UserIdentity.php(20): CActiveRecord::model()
#1 C:\xampp\htdocs\klinik-app\protected\models\LoginForm.php(29): UserIdentity->authenticate()
#2 C:\xampp\htdocs\klinik-app\vendor\yiisoft\yii\framework\validators\CInlineValidator.php(42): LoginForm->authenticate('password', Array)
#3 C:\xampp\htdocs\klinik-app\vendor\yiisoft\yii\framework\validators\CValidator.php(201): CInlineValidator->validateAttribute(Object(LoginForm), 'password')
#4 C:\xampp\htdocs\klinik-app\vendor\yiisoft\yii\framework\base\CModel.php(159): CValidator->validate(Object(LoginForm), Array)
#5 C:\xampp\htdocs\klinik-app\protected\controllers\SiteController.php(106): CModel->validate()
#6 C:\xampp\htdocs\klinik-app\vendor\yiisoft\yii\framework\web\actions\CInlineAction.php(49): SiteController->actionLogin()
#7 C:\xampp\htdocs\klinik-app\vendor\yiisoft\yii\framework\web\CController.php(308): CInlineAction->runWithParams(Array)
#8 C:\xampp\htdocs\klinik-app\vendor\yiisoft\yii\framework\web\CController.php(286): CController->runAction(Object(CInlineAction))
#9 C:\xampp\htdocs\klinik-app\vendor\yiisoft\yii\framework\web\CController.php(265): CController->runActionWithFilters(Object(CInlineAction), Array)
#10 C:\xampp\htdocs\klinik-app\vendor\yiisoft\yii\framework\web\CWebApplication.php(282): CController->run('login')
#11 C:\xampp\htdocs\klinik-app\vendor\yiisoft\yii\framework\web\CWebApplication.php(141): CWebApplication->runController('site/login')
#12 C:\xampp\htdocs\klinik-app\vendor\yiisoft\yii\framework\base\CApplication.php(185): CWebApplication->processRequest()
#13 C:\xampp\htdocs\klinik-app\index.php(13): CApplication->run()
#14 {main}
REQUEST_URI=/klinik-app/index.php/site/login
HTTP_REFERER=http://localhost/klinik-app/index.php/site/login
---
2024/08/31 20:36:20 [error] [exception.Error] Error: Cannot instantiate abstract class CActiveRecord in C:\xampp\htdocs\klinik-app\vendor\yiisoft\yii\framework\db\ar\CActiveRecord.php:397
Stack trace:
#0 C:\xampp\htdocs\klinik-app\protected\components\UserIdentity.php(20): CActiveRecord::model()
#1 C:\xampp\htdocs\klinik-app\protected\models\LoginForm.php(29): UserIdentity->authenticate()
#2 C:\xampp\htdocs\klinik-app\vendor\yiisoft\yii\framework\validators\CInlineValidator.php(42): LoginForm->authenticate('password', Array)
#3 C:\xampp\htdocs\klinik-app\vendor\yiisoft\yii\framework\validators\CValidator.php(201): CInlineValidator->validateAttribute(Object(LoginForm), 'password')
#4 C:\xampp\htdocs\klinik-app\vendor\yiisoft\yii\framework\base\CModel.php(159): CValidator->validate(Object(LoginForm), Array)
#5 C:\xampp\htdocs\klinik-app\protected\controllers\SiteController.php(103): CModel->validate()
#6 C:\xampp\htdocs\klinik-app\vendor\yiisoft\yii\framework\web\actions\CInlineAction.php(49): SiteController->actionLogin()
#7 C:\xampp\htdocs\klinik-app\vendor\yiisoft\yii\framework\web\CController.php(308): CInlineAction->runWithParams(Array)
#8 C:\xampp\htdocs\klinik-app\vendor\yiisoft\yii\framework\web\CController.php(286): CController->runAction(Object(CInlineAction))
#9 C:\xampp\htdocs\klinik-app\vendor\yiisoft\yii\framework\web\CController.php(265): CController->runActionWithFilters(Object(CInlineAction), Array)
#10 C:\xampp\htdocs\klinik-app\vendor\yiisoft\yii\framework\web\CWebApplication.php(282): CController->run('login')
#11 C:\xampp\htdocs\klinik-app\vendor\yiisoft\yii\framework\web\CWebApplication.php(141): CWebApplication->runController('site/login')
#12 C:\xampp\htdocs\klinik-app\vendor\yiisoft\yii\framework\base\CApplication.php(185): CWebApplication->processRequest()
#13 C:\xampp\htdocs\klinik-app\index.php(13): CApplication->run()
#14 {main}
REQUEST_URI=/klinik-app/index.php/site/login
HTTP_REFERER=http://localhost/klinik-app/index.php/site/login
---
2024/08/31 20:49:01 [error] [exception.CException] CException: Property "CDbConnection.db" is not defined. in C:\xampp\htdocs\klinik-app\vendor\yiisoft\yii\framework\base\CComponent.php:172
Stack trace:
#0 C:\xampp\htdocs\klinik-app\vendor\yiisoft\yii\framework\YiiBase.php(227): CComponent->__set('db', Array)
#1 C:\xampp\htdocs\klinik-app\vendor\yiisoft\yii\framework\base\CModule.php(393): YiiBase::createComponent(Array)
#2 C:\xampp\htdocs\klinik-app\vendor\yiisoft\yii\framework\base\CApplication.php(459): CModule->getComponent('db')
#3 C:\xampp\htdocs\klinik-app\vendor\yiisoft\yii\framework\db\ar\CActiveRecord.php(639): CApplication->getDb()
#4 C:\xampp\htdocs\klinik-app\vendor\yiisoft\yii\framework\db\ar\CActiveRecord.php(2390): CActiveRecord->getDbConnection()
#5 C:\xampp\htdocs\klinik-app\vendor\yiisoft\yii\framework\db\ar\CActiveRecord.php(413): CActiveRecordMetaData->__construct(Object(User))
#6 C:\xampp\htdocs\klinik-app\vendor\yiisoft\yii\framework\db\ar\CActiveRecord.php(79): CActiveRecord->getMetaData()
#7 C:\xampp\htdocs\klinik-app\protected\controllers\SiteController.php(80): CActiveRecord->__construct('register')
#8 C:\xampp\htdocs\klinik-app\vendor\yiisoft\yii\framework\web\actions\CInlineAction.php(49): SiteController->actionRegister()
#9 C:\xampp\htdocs\klinik-app\vendor\yiisoft\yii\framework\web\CController.php(308): CInlineAction->runWithParams(Array)
#10 C:\xampp\htdocs\klinik-app\vendor\yiisoft\yii\framework\web\CController.php(286): CController->runAction(Object(CInlineAction))
#11 C:\xampp\htdocs\klinik-app\vendor\yiisoft\yii\framework\web\CController.php(265): CController->runActionWithFilters(Object(CInlineAction), Array)
#12 C:\xampp\htdocs\klinik-app\vendor\yiisoft\yii\framework\web\CWebApplication.php(282): CController->run('register')
#13 C:\xampp\htdocs\klinik-app\vendor\yiisoft\yii\framework\web\CWebApplication.php(141): CWebApplication->runController('site/register')
#14 C:\xampp\htdocs\klinik-app\vendor\yiisoft\yii\framework\base\CApplication.php(185): CWebApplication->processRequest()
#15 C:\xampp\htdocs\klinik-app\index.php(13): CApplication->run()
#16 {main}
REQUEST_URI=/klinik-app/index.php/site/register
HTTP_REFERER=http://localhost/klinik-app/index.php?r=site/register
---
2024/08/31 20:55:35 [error] [exception.CException] CException: Property "CDbConnection.db" is not defined. in C:\xampp\htdocs\klinik-app\vendor\yiisoft\yii\framework\base\CComponent.php:172
Stack trace:
#0 C:\xampp\htdocs\klinik-app\vendor\yiisoft\yii\framework\YiiBase.php(227): CComponent->__set('db', Array)
#1 C:\xampp\htdocs\klinik-app\vendor\yiisoft\yii\framework\base\CModule.php(393): YiiBase::createComponent(Array)
#2 C:\xampp\htdocs\klinik-app\vendor\yiisoft\yii\framework\base\CApplication.php(459): CModule->getComponent('db')
#3 C:\xampp\htdocs\klinik-app\vendor\yiisoft\yii\framework\db\ar\CActiveRecord.php(639): CApplication->getDb()
#4 C:\xampp\htdocs\klinik-app\vendor\yiisoft\yii\framework\db\ar\CActiveRecord.php(2390): CActiveRecord->getDbConnection()
#5 C:\xampp\htdocs\klinik-app\vendor\yiisoft\yii\framework\db\ar\CActiveRecord.php(413): CActiveRecordMetaData->__construct(Object(User))
#6 C:\xampp\htdocs\klinik-app\vendor\yiisoft\yii\framework\db\ar\CActiveRecord.php(79): CActiveRecord->getMetaData()
#7 C:\xampp\htdocs\klinik-app\protected\controllers\SiteController.php(80): CActiveRecord->__construct('register')
#8 C:\xampp\htdocs\klinik-app\vendor\yiisoft\yii\framework\web\actions\CInlineAction.php(49): SiteController->actionRegister()
#9 C:\xampp\htdocs\klinik-app\vendor\yiisoft\yii\framework\web\CController.php(308): CInlineAction->runWithParams(Array)
#10 C:\xampp\htdocs\klinik-app\vendor\yiisoft\yii\framework\web\CController.php(286): CController->runAction(Object(CInlineAction))
#11 C:\xampp\htdocs\klinik-app\vendor\yiisoft\yii\framework\web\CController.php(265): CController->runActionWithFilters(Object(CInlineAction), Array)
#12 C:\xampp\htdocs\klinik-app\vendor\yiisoft\yii\framework\web\CWebApplication.php(282): CController->run('register')
#13 C:\xampp\htdocs\klinik-app\vendor\yiisoft\yii\framework\web\CWebApplication.php(141): CWebApplication->runController('site/register')
#14 C:\xampp\htdocs\klinik-app\vendor\yiisoft\yii\framework\base\CApplication.php(185): CWebApplication->processRequest()
#15 C:\xampp\htdocs\klinik-app\index.php(13): CApplication->run()
#16 {main}
REQUEST_URI=/klinik-app/index.php/site/register
HTTP_REFERER=http://localhost/klinik-app/index.php?r=site/register
---
2024/08/31 20:55:43 [error] [exception.CException] CException: Property "CDbConnection.db" is not defined. in C:\xampp\htdocs\klinik-app\vendor\yiisoft\yii\framework\base\CComponent.php:172
Stack trace:
#0 C:\xampp\htdocs\klinik-app\vendor\yiisoft\yii\framework\YiiBase.php(227): CComponent->__set('db', Array)
#1 C:\xampp\htdocs\klinik-app\vendor\yiisoft\yii\framework\base\CModule.php(393): YiiBase::createComponent(Array)
#2 C:\xampp\htdocs\klinik-app\vendor\yiisoft\yii\framework\base\CApplication.php(459): CModule->getComponent('db')
#3 C:\xampp\htdocs\klinik-app\vendor\yiisoft\yii\framework\db\ar\CActiveRecord.php(639): CApplication->getDb()
#4 C:\xampp\htdocs\klinik-app\vendor\yiisoft\yii\framework\db\ar\CActiveRecord.php(2390): CActiveRecord->getDbConnection()
#5 C:\xampp\htdocs\klinik-app\vendor\yiisoft\yii\framework\db\ar\CActiveRecord.php(413): CActiveRecordMetaData->__construct(Object(User))
#6 C:\xampp\htdocs\klinik-app\vendor\yiisoft\yii\framework\db\ar\CActiveRecord.php(79): CActiveRecord->getMetaData()
#7 C:\xampp\htdocs\klinik-app\protected\controllers\SiteController.php(80): CActiveRecord->__construct('register')
#8 C:\xampp\htdocs\klinik-app\vendor\yiisoft\yii\framework\web\actions\CInlineAction.php(49): SiteController->actionRegister()
#9 C:\xampp\htdocs\klinik-app\vendor\yiisoft\yii\framework\web\CController.php(308): CInlineAction->runWithParams(Array)
#10 C:\xampp\htdocs\klinik-app\vendor\yiisoft\yii\framework\web\CController.php(286): CController->runAction(Object(CInlineAction))
#11 C:\xampp\htdocs\klinik-app\vendor\yiisoft\yii\framework\web\CController.php(265): CController->runActionWithFilters(Object(CInlineAction), Array)
#12 C:\xampp\htdocs\klinik-app\vendor\yiisoft\yii\framework\web\CWebApplication.php(282): CController->run('register')
#13 C:\xampp\htdocs\klinik-app\vendor\yiisoft\yii\framework\web\CWebApplication.php(141): CWebApplication->runController('site/register')
#14 C:\xampp\htdocs\klinik-app\vendor\yiisoft\yii\framework\base\CApplication.php(185): CWebApplication->processRequest()
#15 C:\xampp\htdocs\klinik-app\index.php(13): CApplication->run()
#16 {main}
REQUEST_URI=/klinik-app/index.php/site/register
HTTP_REFERER=http://localhost/klinik-app/index.php?r=site/register
---
2024/08/31 20:55:47 [error] [exception.CException] CException: Property "CDbConnection.db" is not defined. in C:\xampp\htdocs\klinik-app\vendor\yiisoft\yii\framework\base\CComponent.php:172
Stack trace:
#0 C:\xampp\htdocs\klinik-app\vendor\yiisoft\yii\framework\YiiBase.php(227): CComponent->__set('db', Array)
#1 C:\xampp\htdocs\klinik-app\vendor\yiisoft\yii\framework\base\CModule.php(393): YiiBase::createComponent(Array)
#2 C:\xampp\htdocs\klinik-app\vendor\yiisoft\yii\framework\base\CApplication.php(459): CModule->getComponent('db')
#3 C:\xampp\htdocs\klinik-app\vendor\yiisoft\yii\framework\db\ar\CActiveRecord.php(639): CApplication->getDb()
#4 C:\xampp\htdocs\klinik-app\vendor\yiisoft\yii\framework\db\ar\CActiveRecord.php(2390): CActiveRecord->getDbConnection()
#5 C:\xampp\htdocs\klinik-app\vendor\yiisoft\yii\framework\db\ar\CActiveRecord.php(413): CActiveRecordMetaData->__construct(Object(User))
#6 C:\xampp\htdocs\klinik-app\vendor\yiisoft\yii\framework\db\ar\CActiveRecord.php(79): CActiveRecord->getMetaData()
#7 C:\xampp\htdocs\klinik-app\protected\controllers\SiteController.php(80): CActiveRecord->__construct('register')
#8 C:\xampp\htdocs\klinik-app\vendor\yiisoft\yii\framework\web\actions\CInlineAction.php(49): SiteController->actionRegister()
#9 C:\xampp\htdocs\klinik-app\vendor\yiisoft\yii\framework\web\CController.php(308): CInlineAction->runWithParams(Array)
#10 C:\xampp\htdocs\klinik-app\vendor\yiisoft\yii\framework\web\CController.php(286): CController->runAction(Object(CInlineAction))
#11 C:\xampp\htdocs\klinik-app\vendor\yiisoft\yii\framework\web\CController.php(265): CController->runActionWithFilters(Object(CInlineAction), Array)
#12 C:\xampp\htdocs\klinik-app\vendor\yiisoft\yii\framework\web\CWebApplication.php(282): CController->run('register')
#13 C:\xampp\htdocs\klinik-app\vendor\yiisoft\yii\framework\web\CWebApplication.php(141): CWebApplication->runController('site/register')
#14 C:\xampp\htdocs\klinik-app\vendor\yiisoft\yii\framework\base\CApplication.php(185): CWebApplication->processRequest()
#15 C:\xampp\htdocs\klinik-app\index.php(13): CApplication->run()
#16 {main}
REQUEST_URI=/klinik-app/index.php/site/register
HTTP_REFERER=http://localhost/klinik-app/index.php/site/login
---
2024/08/31 20:55:54 [error] [exception.CException] CException: Property "CDbConnection.db" is not defined. in C:\xampp\htdocs\klinik-app\vendor\yiisoft\yii\framework\base\CComponent.php:172
Stack trace:
#0 C:\xampp\htdocs\klinik-app\vendor\yiisoft\yii\framework\YiiBase.php(227): CComponent->__set('db', Array)
#1 C:\xampp\htdocs\klinik-app\vendor\yiisoft\yii\framework\base\CModule.php(393): YiiBase::createComponent(Array)
#2 C:\xampp\htdocs\klinik-app\vendor\yiisoft\yii\framework\base\CApplication.php(459): CModule->getComponent('db')
#3 C:\xampp\htdocs\klinik-app\vendor\yiisoft\yii\framework\db\ar\CActiveRecord.php(639): CApplication->getDb()
#4 C:\xampp\htdocs\klinik-app\vendor\yiisoft\yii\framework\db\ar\CActiveRecord.php(2390): CActiveRecord->getDbConnection()
#5 C:\xampp\htdocs\klinik-app\vendor\yiisoft\yii\framework\db\ar\CActiveRecord.php(413): CActiveRecordMetaData->__construct(Object(User))
#6 C:\xampp\htdocs\klinik-app\vendor\yiisoft\yii\framework\db\ar\CActiveRecord.php(79): CActiveRecord->getMetaData()
#7 C:\xampp\htdocs\klinik-app\protected\controllers\SiteController.php(80): CActiveRecord->__construct('register')
#8 C:\xampp\htdocs\klinik-app\vendor\yiisoft\yii\framework\web\actions\CInlineAction.php(49): SiteController->actionRegister()
#9 C:\xampp\htdocs\klinik-app\vendor\yiisoft\yii\framework\web\CController.php(308): CInlineAction->runWithParams(Array)
#10 C:\xampp\htdocs\klinik-app\vendor\yiisoft\yii\framework\web\CController.php(286): CController->runAction(Object(CInlineAction))
#11 C:\xampp\htdocs\klinik-app\vendor\yiisoft\yii\framework\web\CController.php(265): CController->runActionWithFilters(Object(CInlineAction), Array)
#12 C:\xampp\htdocs\klinik-app\vendor\yiisoft\yii\framework\web\CWebApplication.php(282): CController->run('register')
#13 C:\xampp\htdocs\klinik-app\vendor\yiisoft\yii\framework\web\CWebApplication.php(141): CWebApplication->runController('site/register')
#14 C:\xampp\htdocs\klinik-app\vendor\yiisoft\yii\framework\base\CApplication.php(185): CWebApplication->processRequest()
#15 C:\xampp\htdocs\klinik-app\index.php(13): CApplication->run()
#16 {main}
REQUEST_URI=/klinik-app/index.php/site/register
HTTP_REFERER=http://localhost/klinik-app/index.php/site/index
---
2024/08/31 20:56:05 [error] [exception.CException] CException: Property "CDbConnection.db" is not defined. in C:\xampp\htdocs\klinik-app\vendor\yiisoft\yii\framework\base\CComponent.php:172
Stack trace:
#0 C:\xampp\htdocs\klinik-app\vendor\yiisoft\yii\framework\YiiBase.php(227): CComponent->__set('db', Array)
#1 C:\xampp\htdocs\klinik-app\vendor\yiisoft\yii\framework\base\CModule.php(393): YiiBase::createComponent(Array)
#2 C:\xampp\htdocs\klinik-app\vendor\yiisoft\yii\framework\base\CApplication.php(459): CModule->getComponent('db')
#3 C:\xampp\htdocs\klinik-app\vendor\yiisoft\yii\framework\db\ar\CActiveRecord.php(639): CApplication->getDb()
#4 C:\xampp\htdocs\klinik-app\vendor\yiisoft\yii\framework\db\ar\CActiveRecord.php(1436): CActiveRecord->getDbConnection()
#5 C:\xampp\htdocs\klinik-app\vendor\yiisoft\yii\framework\db\ar\CActiveRecord.php(1525): CActiveRecord->getTableAlias(true)
#6 C:\xampp\htdocs\klinik-app\protected\components\UserIdentity.php(20): CActiveRecord->findByAttributes(Array)
#7 C:\xampp\htdocs\klinik-app\protected\models\LoginForm.php(29): UserIdentity->authenticate()
#8 C:\xampp\htdocs\klinik-app\vendor\yiisoft\yii\framework\validators\CInlineValidator.php(42): LoginForm->authenticate('password', Array)
#9 C:\xampp\htdocs\klinik-app\vendor\yiisoft\yii\framework\validators\CValidator.php(201): CInlineValidator->validateAttribute(Object(LoginForm), 'password')
#10 C:\xampp\htdocs\klinik-app\vendor\yiisoft\yii\framework\base\CModel.php(159): CValidator->validate(Object(LoginForm), Array)
#11 C:\xampp\htdocs\klinik-app\protected\controllers\SiteController.php(103): CModel->validate()
#12 C:\xampp\htdocs\klinik-app\vendor\yiisoft\yii\framework\web\actions\CInlineAction.php(49): SiteController->actionLogin()
#13 C:\xampp\htdocs\klinik-app\vendor\yiisoft\yii\framework\web\CController.php(308): CInlineAction->runWithParams(Array)
#14 C:\xampp\htdocs\klinik-app\vendor\yiisoft\yii\framework\web\CController.php(286): CController->runAction(Object(CInlineAction))
#15 C:\xampp\htdocs\klinik-app\vendor\yiisoft\yii\framework\web\CController.php(265): CController->runActionWithFilters(Object(CInlineAction), Array)
#16 C:\xampp\htdocs\klinik-app\vendor\yiisoft\yii\framework\web\CWebApplication.php(282): CController->run('login')
#17 C:\xampp\htdocs\klinik-app\vendor\yiisoft\yii\framework\web\CWebApplication.php(141): CWebApplication->runController('site/login')
#18 C:\xampp\htdocs\klinik-app\vendor\yiisoft\yii\framework\base\CApplication.php(185): CWebApplication->processRequest()
#19 C:\xampp\htdocs\klinik-app\index.php(13): CApplication->run()
#20 {main}
REQUEST_URI=/klinik-app/index.php/site/login
HTTP_REFERER=http://localhost/klinik-app/index.php/site/login
---
2024/08/31 20:58:20 [error] [exception.CException] CException: Property "CDbConnection.db" is not defined. in C:\xampp\htdocs\klinik-app\vendor\yiisoft\yii\framework\base\CComponent.php:172
Stack trace:
#0 C:\xampp\htdocs\klinik-app\vendor\yiisoft\yii\framework\YiiBase.php(227): CComponent->__set('db', Array)
#1 C:\xampp\htdocs\klinik-app\vendor\yiisoft\yii\framework\base\CModule.php(393): YiiBase::createComponent(Array)
#2 C:\xampp\htdocs\klinik-app\vendor\yiisoft\yii\framework\base\CApplication.php(459): CModule->getComponent('db')
#3 C:\xampp\htdocs\klinik-app\vendor\yiisoft\yii\framework\db\ar\CActiveRecord.php(639): CApplication->getDb()
#4 C:\xampp\htdocs\klinik-app\vendor\yiisoft\yii\framework\db\ar\CActiveRecord.php(2390): CActiveRecord->getDbConnection()
#5 C:\xampp\htdocs\klinik-app\vendor\yiisoft\yii\framework\db\ar\CActiveRecord.php(413): CActiveRecordMetaData->__construct(Object(User))
#6 C:\xampp\htdocs\klinik-app\vendor\yiisoft\yii\framework\db\ar\CActiveRecord.php(79): CActiveRecord->getMetaData()
#7 C:\xampp\htdocs\klinik-app\protected\controllers\SiteController.php(80): CActiveRecord->__construct('register')
#8 C:\xampp\htdocs\klinik-app\vendor\yiisoft\yii\framework\web\actions\CInlineAction.php(49): SiteController->actionRegister()
#9 C:\xampp\htdocs\klinik-app\vendor\yiisoft\yii\framework\web\CController.php(308): CInlineAction->runWithParams(Array)
#10 C:\xampp\htdocs\klinik-app\vendor\yiisoft\yii\framework\web\CController.php(286): CController->runAction(Object(CInlineAction))
#11 C:\xampp\htdocs\klinik-app\vendor\yiisoft\yii\framework\web\CController.php(265): CController->runActionWithFilters(Object(CInlineAction), Array)
#12 C:\xampp\htdocs\klinik-app\vendor\yiisoft\yii\framework\web\CWebApplication.php(282): CController->run('register')
#13 C:\xampp\htdocs\klinik-app\vendor\yiisoft\yii\framework\web\CWebApplication.php(141): CWebApplication->runController('site/register')
#14 C:\xampp\htdocs\klinik-app\vendor\yiisoft\yii\framework\base\CApplication.php(185): CWebApplication->processRequest()
#15 C:\xampp\htdocs\klinik-app\index.php(13): CApplication->run()
#16 {main}
REQUEST_URI=/klinik-app/index.php/site/register
HTTP_REFERER=http://localhost/klinik-app/index.php/site/login
---
2024/08/31 20:58:29 [error] [exception.CException] CException: Property "CDbConnection.db" is not defined. in C:\xampp\htdocs\klinik-app\vendor\yiisoft\yii\framework\base\CComponent.php:172
Stack trace:
#0 C:\xampp\htdocs\klinik-app\vendor\yiisoft\yii\framework\YiiBase.php(227): CComponent->__set('db', Array)
#1 C:\xampp\htdocs\klinik-app\vendor\yiisoft\yii\framework\base\CModule.php(393): YiiBase::createComponent(Array)
#2 C:\xampp\htdocs\klinik-app\vendor\yiisoft\yii\framework\base\CApplication.php(459): CModule->getComponent('db')
#3 C:\xampp\htdocs\klinik-app\vendor\yiisoft\yii\framework\db\ar\CActiveRecord.php(639): CApplication->getDb()
#4 C:\xampp\htdocs\klinik-app\vendor\yiisoft\yii\framework\db\ar\CActiveRecord.php(1436): CActiveRecord->getDbConnection()
#5 C:\xampp\htdocs\klinik-app\vendor\yiisoft\yii\framework\db\ar\CActiveRecord.php(1525): CActiveRecord->getTableAlias(true)
#6 C:\xampp\htdocs\klinik-app\protected\components\UserIdentity.php(20): CActiveRecord->findByAttributes(Array)
#7 C:\xampp\htdocs\klinik-app\protected\models\LoginForm.php(29): UserIdentity->authenticate()
#8 C:\xampp\htdocs\klinik-app\vendor\yiisoft\yii\framework\validators\CInlineValidator.php(42): LoginForm->authenticate('password', Array)
#9 C:\xampp\htdocs\klinik-app\vendor\yiisoft\yii\framework\validators\CValidator.php(201): CInlineValidator->validateAttribute(Object(LoginForm), 'password')
#10 C:\xampp\htdocs\klinik-app\vendor\yiisoft\yii\framework\base\CModel.php(159): CValidator->validate(Object(LoginForm), Array)
#11 C:\xampp\htdocs\klinik-app\protected\controllers\SiteController.php(103): CModel->validate()
#12 C:\xampp\htdocs\klinik-app\vendor\yiisoft\yii\framework\web\actions\CInlineAction.php(49): SiteController->actionLogin()
#13 C:\xampp\htdocs\klinik-app\vendor\yiisoft\yii\framework\web\CController.php(308): CInlineAction->runWithParams(Array)
#14 C:\xampp\htdocs\klinik-app\vendor\yiisoft\yii\framework\web\CController.php(286): CController->runAction(Object(CInlineAction))
#15 C:\xampp\htdocs\klinik-app\vendor\yiisoft\yii\framework\web\CController.php(265): CController->runActionWithFilters(Object(CInlineAction), Array)
#16 C:\xampp\htdocs\klinik-app\vendor\yiisoft\yii\framework\web\CWebApplication.php(282): CController->run('login')
#17 C:\xampp\htdocs\klinik-app\vendor\yiisoft\yii\framework\web\CWebApplication.php(141): CWebApplication->runController('site/login')
#18 C:\xampp\htdocs\klinik-app\vendor\yiisoft\yii\framework\base\CApplication.php(185): CWebApplication->processRequest()
#19 C:\xampp\htdocs\klinik-app\index.php(13): CApplication->run()
#20 {main}
REQUEST_URI=/klinik-app/index.php/site/login
HTTP_REFERER=http://localhost/klinik-app/index.php/site/login
---
2024/08/31 21:03:11 [error] [exception.CDbException] CDbException: CDbConnection failed to open the DB connection: could not find driver in C:\xampp\htdocs\klinik-app\vendor\yiisoft\yii\framework\db\CDbConnection.php:399
Stack trace:
#0 C:\xampp\htdocs\klinik-app\vendor\yiisoft\yii\framework\db\CDbConnection.php(347): CDbConnection->open()
#1 C:\xampp\htdocs\klinik-app\vendor\yiisoft\yii\framework\db\CDbConnection.php(325): CDbConnection->setActive(true)
#2 C:\xampp\htdocs\klinik-app\vendor\yiisoft\yii\framework\base\CModule.php(394): CDbConnection->init()
#3 C:\xampp\htdocs\klinik-app\vendor\yiisoft\yii\framework\base\CApplication.php(459): CModule->getComponent('db')
#4 C:\xampp\htdocs\klinik-app\vendor\yiisoft\yii\framework\db\ar\CActiveRecord.php(639): CApplication->getDb()
#5 C:\xampp\htdocs\klinik-app\vendor\yiisoft\yii\framework\db\ar\CActiveRecord.php(2390): CActiveRecord->getDbConnection()
#6 C:\xampp\htdocs\klinik-app\vendor\yiisoft\yii\framework\db\ar\CActiveRecord.php(413): CActiveRecordMetaData->__construct(Object(User))
#7 C:\xampp\htdocs\klinik-app\vendor\yiisoft\yii\framework\db\ar\CActiveRecord.php(79): CActiveRecord->getMetaData()
#8 C:\xampp\htdocs\klinik-app\protected\controllers\SiteController.php(80): CActiveRecord->__construct('register')
#9 C:\xampp\htdocs\klinik-app\vendor\yiisoft\yii\framework\web\actions\CInlineAction.php(49): SiteController->actionRegister()
#10 C:\xampp\htdocs\klinik-app\vendor\yiisoft\yii\framework\web\CController.php(308): CInlineAction->runWithParams(Array)
#11 C:\xampp\htdocs\klinik-app\vendor\yiisoft\yii\framework\web\CController.php(286): CController->runAction(Object(CInlineAction))
#12 C:\xampp\htdocs\klinik-app\vendor\yiisoft\yii\framework\web\CController.php(265): CController->runActionWithFilters(Object(CInlineAction), Array)
#13 C:\xampp\htdocs\klinik-app\vendor\yiisoft\yii\framework\web\CWebApplication.php(282): CController->run('register')
#14 C:\xampp\htdocs\klinik-app\vendor\yiisoft\yii\framework\web\CWebApplication.php(141): CWebApplication->runController('site/register')
#15 C:\xampp\htdocs\klinik-app\vendor\yiisoft\yii\framework\base\CApplication.php(185): CWebApplication->processRequest()
#16 C:\xampp\htdocs\klinik-app\index.php(13): CApplication->run()
#17 {main}
REQUEST_URI=/klinik-app/index.php/site/register
HTTP_REFERER=http://localhost/klinik-app/index.php/site/login
---
2024/08/31 21:03:13 [error] [exception.CDbException] CDbException: CDbConnection failed to open the DB connection: could not find driver in C:\xampp\htdocs\klinik-app\vendor\yiisoft\yii\framework\db\CDbConnection.php:399
Stack trace:
#0 C:\xampp\htdocs\klinik-app\vendor\yiisoft\yii\framework\db\CDbConnection.php(347): CDbConnection->open()
#1 C:\xampp\htdocs\klinik-app\vendor\yiisoft\yii\framework\db\CDbConnection.php(325): CDbConnection->setActive(true)
#2 C:\xampp\htdocs\klinik-app\vendor\yiisoft\yii\framework\base\CModule.php(394): CDbConnection->init()
#3 C:\xampp\htdocs\klinik-app\vendor\yiisoft\yii\framework\base\CApplication.php(459): CModule->getComponent('db')
#4 C:\xampp\htdocs\klinik-app\vendor\yiisoft\yii\framework\db\ar\CActiveRecord.php(639): CApplication->getDb()
#5 C:\xampp\htdocs\klinik-app\vendor\yiisoft\yii\framework\db\ar\CActiveRecord.php(2390): CActiveRecord->getDbConnection()
#6 C:\xampp\htdocs\klinik-app\vendor\yiisoft\yii\framework\db\ar\CActiveRecord.php(413): CActiveRecordMetaData->__construct(Object(User))
#7 C:\xampp\htdocs\klinik-app\vendor\yiisoft\yii\framework\db\ar\CActiveRecord.php(79): CActiveRecord->getMetaData()
#8 C:\xampp\htdocs\klinik-app\protected\controllers\SiteController.php(80): CActiveRecord->__construct('register')
#9 C:\xampp\htdocs\klinik-app\vendor\yiisoft\yii\framework\web\actions\CInlineAction.php(49): SiteController->actionRegister()
#10 C:\xampp\htdocs\klinik-app\vendor\yiisoft\yii\framework\web\CController.php(308): CInlineAction->runWithParams(Array)
#11 C:\xampp\htdocs\klinik-app\vendor\yiisoft\yii\framework\web\CController.php(286): CController->runAction(Object(CInlineAction))
#12 C:\xampp\htdocs\klinik-app\vendor\yiisoft\yii\framework\web\CController.php(265): CController->runActionWithFilters(Object(CInlineAction), Array)
#13 C:\xampp\htdocs\klinik-app\vendor\yiisoft\yii\framework\web\CWebApplication.php(282): CController->run('register')
#14 C:\xampp\htdocs\klinik-app\vendor\yiisoft\yii\framework\web\CWebApplication.php(141): CWebApplication->runController('site/register')
#15 C:\xampp\htdocs\klinik-app\vendor\yiisoft\yii\framework\base\CApplication.php(185): CWebApplication->processRequest()
#16 C:\xampp\htdocs\klinik-app\index.php(13): CApplication->run()
#17 {main}
REQUEST_URI=/klinik-app/index.php/site/register
HTTP_REFERER=http://localhost/klinik-app/index.php/site/login
---
2024/08/31 21:14:35 [error] [exception.CDbException] CDbException: The table "user" for active record class "User" cannot be found in the database. in C:\xampp\htdocs\klinik-app\vendor\yiisoft\yii\framework\db\ar\CActiveRecord.php:2391
Stack trace:
#0 C:\xampp\htdocs\klinik-app\vendor\yiisoft\yii\framework\db\ar\CActiveRecord.php(413): CActiveRecordMetaData->__construct(Object(User))
#1 C:\xampp\htdocs\klinik-app\vendor\yiisoft\yii\framework\db\ar\CActiveRecord.php(79): CActiveRecord->getMetaData()
#2 C:\xampp\htdocs\klinik-app\protected\controllers\SiteController.php(80): CActiveRecord->__construct('register')
#3 C:\xampp\htdocs\klinik-app\vendor\yiisoft\yii\framework\web\actions\CInlineAction.php(49): SiteController->actionRegister()
#4 C:\xampp\htdocs\klinik-app\vendor\yiisoft\yii\framework\web\CController.php(308): CInlineAction->runWithParams(Array)
#5 C:\xampp\htdocs\klinik-app\vendor\yiisoft\yii\framework\web\CController.php(286): CController->runAction(Object(CInlineAction))
#6 C:\xampp\htdocs\klinik-app\vendor\yiisoft\yii\framework\web\CController.php(265): CController->runActionWithFilters(Object(CInlineAction), Array)
#7 C:\xampp\htdocs\klinik-app\vendor\yiisoft\yii\framework\web\CWebApplication.php(282): CController->run('register')
#8 C:\xampp\htdocs\klinik-app\vendor\yiisoft\yii\framework\web\CWebApplication.php(141): CWebApplication->runController('site/register')
#9 C:\xampp\htdocs\klinik-app\vendor\yiisoft\yii\framework\base\CApplication.php(185): CWebApplication->processRequest()
#10 C:\xampp\htdocs\klinik-app\index.php(13): CApplication->run()
#11 {main}
REQUEST_URI=/klinik-app/index.php/site/register
HTTP_REFERER=http://localhost/klinik-app/index.php/site/login
---
2024/08/31 21:14:45 [error] [exception.CDbException] CDbException: The table "user" for active record class "User" cannot be found in the database. in C:\xampp\htdocs\klinik-app\vendor\yiisoft\yii\framework\db\ar\CActiveRecord.php:2391
Stack trace:
#0 C:\xampp\htdocs\klinik-app\vendor\yiisoft\yii\framework\db\ar\CActiveRecord.php(413): CActiveRecordMetaData->__construct(Object(User))
#1 C:\xampp\htdocs\klinik-app\vendor\yiisoft\yii\framework\db\ar\CActiveRecord.php(663): CActiveRecord->getMetaData()
#2 C:\xampp\htdocs\klinik-app\vendor\yiisoft\yii\framework\db\ar\CActiveRecord.php(1526): CActiveRecord->getTableSchema()
#3 C:\xampp\htdocs\klinik-app\protected\components\UserIdentity.php(20): CActiveRecord->findByAttributes(Array)
#4 C:\xampp\htdocs\klinik-app\protected\models\LoginForm.php(29): UserIdentity->authenticate()
#5 C:\xampp\htdocs\klinik-app\vendor\yiisoft\yii\framework\validators\CInlineValidator.php(42): LoginForm->authenticate('password', Array)
#6 C:\xampp\htdocs\klinik-app\vendor\yiisoft\yii\framework\validators\CValidator.php(201): CInlineValidator->validateAttribute(Object(LoginForm), 'password')
#7 C:\xampp\htdocs\klinik-app\vendor\yiisoft\yii\framework\base\CModel.php(159): CValidator->validate(Object(LoginForm), Array)
#8 C:\xampp\htdocs\klinik-app\protected\controllers\SiteController.php(103): CModel->validate()
#9 C:\xampp\htdocs\klinik-app\vendor\yiisoft\yii\framework\web\actions\CInlineAction.php(49): SiteController->actionLogin()
#10 C:\xampp\htdocs\klinik-app\vendor\yiisoft\yii\framework\web\CController.php(308): CInlineAction->runWithParams(Array)
#11 C:\xampp\htdocs\klinik-app\vendor\yiisoft\yii\framework\web\CController.php(286): CController->runAction(Object(CInlineAction))
#12 C:\xampp\htdocs\klinik-app\vendor\yiisoft\yii\framework\web\CController.php(265): CController->runActionWithFilters(Object(CInlineAction), Array)
#13 C:\xampp\htdocs\klinik-app\vendor\yiisoft\yii\framework\web\CWebApplication.php(282): CController->run('login')
#14 C:\xampp\htdocs\klinik-app\vendor\yiisoft\yii\framework\web\CWebApplication.php(141): CWebApplication->runController('site/login')
#15 C:\xampp\htdocs\klinik-app\vendor\yiisoft\yii\framework\base\CApplication.php(185): CWebApplication->processRequest()
#16 C:\xampp\htdocs\klinik-app\index.php(13): CApplication->run()
#17 {main}
REQUEST_URI=/klinik-app/index.php/site/login
HTTP_REFERER=http://localhost/klinik-app/index.php/site/login
---
2024/08/31 21:15:43 [error] [exception.CDbException] CDbException: The table "user" for active record class "User" cannot be found in the database. in C:\xampp\htdocs\klinik-app\vendor\yiisoft\yii\framework\db\ar\CActiveRecord.php:2391
Stack trace:
#0 C:\xampp\htdocs\klinik-app\vendor\yiisoft\yii\framework\db\ar\CActiveRecord.php(413): CActiveRecordMetaData->__construct(Object(User))
#1 C:\xampp\htdocs\klinik-app\vendor\yiisoft\yii\framework\db\ar\CActiveRecord.php(663): CActiveRecord->getMetaData()
#2 C:\xampp\htdocs\klinik-app\vendor\yiisoft\yii\framework\db\ar\CActiveRecord.php(1526): CActiveRecord->getTableSchema()
#3 C:\xampp\htdocs\klinik-app\protected\components\UserIdentity.php(20): CActiveRecord->findByAttributes(Array)
#4 C:\xampp\htdocs\klinik-app\protected\models\LoginForm.php(29): UserIdentity->authenticate()
#5 C:\xampp\htdocs\klinik-app\vendor\yiisoft\yii\framework\validators\CInlineValidator.php(42): LoginForm->authenticate('password', Array)
#6 C:\xampp\htdocs\klinik-app\vendor\yiisoft\yii\framework\validators\CValidator.php(201): CInlineValidator->validateAttribute(Object(LoginForm), 'password')
#7 C:\xampp\htdocs\klinik-app\vendor\yiisoft\yii\framework\base\CModel.php(159): CValidator->validate(Object(LoginForm), Array)
#8 C:\xampp\htdocs\klinik-app\protected\controllers\SiteController.php(103): CModel->validate()
#9 C:\xampp\htdocs\klinik-app\vendor\yiisoft\yii\framework\web\actions\CInlineAction.php(49): SiteController->actionLogin()
#10 C:\xampp\htdocs\klinik-app\vendor\yiisoft\yii\framework\web\CController.php(308): CInlineAction->runWithParams(Array)
#11 C:\xampp\htdocs\klinik-app\vendor\yiisoft\yii\framework\web\CController.php(286): CController->runAction(Object(CInlineAction))
#12 C:\xampp\htdocs\klinik-app\vendor\yiisoft\yii\framework\web\CController.php(265): CController->runActionWithFilters(Object(CInlineAction), Array)
#13 C:\xampp\htdocs\klinik-app\vendor\yiisoft\yii\framework\web\CWebApplication.php(282): CController->run('login')
#14 C:\xampp\htdocs\klinik-app\vendor\yiisoft\yii\framework\web\CWebApplication.php(141): CWebApplication->runController('site/login')
#15 C:\xampp\htdocs\klinik-app\vendor\yiisoft\yii\framework\base\CApplication.php(185): CWebApplication->processRequest()
#16 C:\xampp\htdocs\klinik-app\index.php(13): CApplication->run()
#17 {main}
REQUEST_URI=/klinik-app/index.php/site/login
HTTP_REFERER=http://localhost/klinik-app/index.php/site/login
---
2024/08/31 21:15:50 [error] [exception.CException] CException: Property "CDbConnection.db" is not defined. in C:\xampp\htdocs\klinik-app\vendor\yiisoft\yii\framework\base\CComponent.php:172
Stack trace:
#0 C:\xampp\htdocs\klinik-app\vendor\yiisoft\yii\framework\YiiBase.php(227): CComponent->__set('db', Array)
#1 C:\xampp\htdocs\klinik-app\vendor\yiisoft\yii\framework\base\CModule.php(393): YiiBase::createComponent(Array)
#2 C:\xampp\htdocs\klinik-app\vendor\yiisoft\yii\framework\cli\commands\MigrateCommand.php(472): CModule->getComponent('db')
#3 C:\xampp\htdocs\klinik-app\vendor\yiisoft\yii\framework\cli\commands\MigrateCommand.php(481): MigrateCommand->getDbConnection()
#4 C:\xampp\htdocs\klinik-app\vendor\yiisoft\yii\framework\cli\commands\MigrateCommand.php(512): MigrateCommand->getMigrationHistory(-1)
#5 C:\xampp\htdocs\klinik-app\vendor\yiisoft\yii\framework\cli\commands\MigrateCommand.php(84): MigrateCommand->getNewMigrations()
#6 [internal function]: MigrateCommand->actionUp(Array)
#7 C:\xampp\htdocs\klinik-app\vendor\yiisoft\yii\framework\console\CConsoleCommand.php(177): ReflectionMethod->invokeArgs(Object(MigrateCommand), Array)
#8 C:\xampp\htdocs\klinik-app\vendor\yiisoft\yii\framework\console\CConsoleCommandRunner.php(71): CConsoleCommand->run(Array)
#9 C:\xampp\htdocs\klinik-app\vendor\yiisoft\yii\framework\console\CConsoleApplication.php(92): CConsoleCommandRunner->run(Array)
#10 C:\xampp\htdocs\klinik-app\vendor\yiisoft\yii\framework\base\CApplication.php(185): CConsoleApplication->processRequest()
#11 C:\xampp\htdocs\klinik-app\vendor\yiisoft\yii\framework\yiic.php(33): CApplication->run()
#12 C:\xampp\htdocs\klinik-app\protected\yiic.php(7): require_once('C:\\xampp\\htdocs...')
#13 C:\xampp\htdocs\klinik-app\protected\yiic(4): require_once('C:\\xampp\\htdocs...')
#14 {main}
---
2024/08/31 21:16:08 [error] [exception.CDbException] CDbException: The table "user" for active record class "User" cannot be found in the database. in C:\xampp\htdocs\klinik-app\vendor\yiisoft\yii\framework\db\ar\CActiveRecord.php:2391
Stack trace:
#0 C:\xampp\htdocs\klinik-app\vendor\yiisoft\yii\framework\db\ar\CActiveRecord.php(413): CActiveRecordMetaData->__construct(Object(User))
#1 C:\xampp\htdocs\klinik-app\vendor\yiisoft\yii\framework\db\ar\CActiveRecord.php(663): CActiveRecord->getMetaData()
#2 C:\xampp\htdocs\klinik-app\vendor\yiisoft\yii\framework\db\ar\CActiveRecord.php(1526): CActiveRecord->getTableSchema()
#3 C:\xampp\htdocs\klinik-app\protected\components\UserIdentity.php(20): CActiveRecord->findByAttributes(Array)
#4 C:\xampp\htdocs\klinik-app\protected\models\LoginForm.php(29): UserIdentity->authenticate()
#5 C:\xampp\htdocs\klinik-app\vendor\yiisoft\yii\framework\validators\CInlineValidator.php(42): LoginForm->authenticate('password', Array)
#6 C:\xampp\htdocs\klinik-app\vendor\yiisoft\yii\framework\validators\CValidator.php(201): CInlineValidator->validateAttribute(Object(LoginForm), 'password')
#7 C:\xampp\htdocs\klinik-app\vendor\yiisoft\yii\framework\base\CModel.php(159): CValidator->validate(Object(LoginForm), Array)
#8 C:\xampp\htdocs\klinik-app\protected\controllers\SiteController.php(103): CModel->validate()
#9 C:\xampp\htdocs\klinik-app\vendor\yiisoft\yii\framework\web\actions\CInlineAction.php(49): SiteController->actionLogin()
#10 C:\xampp\htdocs\klinik-app\vendor\yiisoft\yii\framework\web\CController.php(308): CInlineAction->runWithParams(Array)
#11 C:\xampp\htdocs\klinik-app\vendor\yiisoft\yii\framework\web\CController.php(286): CController->runAction(Object(CInlineAction))
#12 C:\xampp\htdocs\klinik-app\vendor\yiisoft\yii\framework\web\CController.php(265): CController->runActionWithFilters(Object(CInlineAction), Array)
#13 C:\xampp\htdocs\klinik-app\vendor\yiisoft\yii\framework\web\CWebApplication.php(282): CController->run('login')
#14 C:\xampp\htdocs\klinik-app\vendor\yiisoft\yii\framework\web\CWebApplication.php(141): CWebApplication->runController('site/login')
#15 C:\xampp\htdocs\klinik-app\vendor\yiisoft\yii\framework\base\CApplication.php(185): CWebApplication->processRequest()
#16 C:\xampp\htdocs\klinik-app\index.php(13): CApplication->run()
#17 {main}
REQUEST_URI=/klinik-app/index.php/site/login
HTTP_REFERER=http://localhost/klinik-app/index.php/site/login
---
2024/08/31 21:31:18 [error] [exception.CDbException] CDbException: The table "user" for active record class "User" cannot be found in the database. in C:\xampp\htdocs\klinik-app\vendor\yiisoft\yii\framework\db\ar\CActiveRecord.php:2391
Stack trace:
#0 C:\xampp\htdocs\klinik-app\vendor\yiisoft\yii\framework\db\ar\CActiveRecord.php(413): CActiveRecordMetaData->__construct(Object(User))
#1 C:\xampp\htdocs\klinik-app\vendor\yiisoft\yii\framework\db\ar\CActiveRecord.php(79): CActiveRecord->getMetaData()
#2 C:\xampp\htdocs\klinik-app\protected\controllers\SiteController.php(80): CActiveRecord->__construct('register')
#3 C:\xampp\htdocs\klinik-app\vendor\yiisoft\yii\framework\web\actions\CInlineAction.php(49): SiteController->actionRegister()
#4 C:\xampp\htdocs\klinik-app\vendor\yiisoft\yii\framework\web\CController.php(308): CInlineAction->runWithParams(Array)
#5 C:\xampp\htdocs\klinik-app\vendor\yiisoft\yii\framework\web\CController.php(286): CController->runAction(Object(CInlineAction))
#6 C:\xampp\htdocs\klinik-app\vendor\yiisoft\yii\framework\web\CController.php(265): CController->runActionWithFilters(Object(CInlineAction), Array)
#7 C:\xampp\htdocs\klinik-app\vendor\yiisoft\yii\framework\web\CWebApplication.php(282): CController->run('register')
#8 C:\xampp\htdocs\klinik-app\vendor\yiisoft\yii\framework\web\CWebApplication.php(141): CWebApplication->runController('site/register')
#9 C:\xampp\htdocs\klinik-app\vendor\yiisoft\yii\framework\base\CApplication.php(185): CWebApplication->processRequest()
#10 C:\xampp\htdocs\klinik-app\index.php(13): CApplication->run()
#11 {main}
REQUEST_URI=/klinik-app/index.php/site/register
HTTP_REFERER=http://localhost/klinik-app/index.php/site/login
---
2024/08/31 21:39:10 [error] [exception.CDbException] CDbException: The table "user" for active record class "User" cannot be found in the database. in C:\xampp\htdocs\klinik-app\vendor\yiisoft\yii\framework\db\ar\CActiveRecord.php:2391
Stack trace:
#0 C:\xampp\htdocs\klinik-app\vendor\yiisoft\yii\framework\db\ar\CActiveRecord.php(413): CActiveRecordMetaData->__construct(Object(User))
#1 C:\xampp\htdocs\klinik-app\vendor\yiisoft\yii\framework\db\ar\CActiveRecord.php(79): CActiveRecord->getMetaData()
#2 C:\xampp\htdocs\klinik-app\protected\controllers\SiteController.php(80): CActiveRecord->__construct('register')
#3 C:\xampp\htdocs\klinik-app\vendor\yiisoft\yii\framework\web\actions\CInlineAction.php(49): SiteController->actionRegister()
#4 C:\xampp\htdocs\klinik-app\vendor\yiisoft\yii\framework\web\CController.php(308): CInlineAction->runWithParams(Array)
#5 C:\xampp\htdocs\klinik-app\vendor\yiisoft\yii\framework\web\CController.php(286): CController->runAction(Object(CInlineAction))
#6 C:\xampp\htdocs\klinik-app\vendor\yiisoft\yii\framework\web\CController.php(265): CController->runActionWithFilters(Object(CInlineAction), Array)
#7 C:\xampp\htdocs\klinik-app\vendor\yiisoft\yii\framework\web\CWebApplication.php(282): CController->run('register')
#8 C:\xampp\htdocs\klinik-app\vendor\yiisoft\yii\framework\web\CWebApplication.php(141): CWebApplication->runController('site/register')
#9 C:\xampp\htdocs\klinik-app\vendor\yiisoft\yii\framework\base\CApplication.php(185): CWebApplication->processRequest()
#10 C:\xampp\htdocs\klinik-app\index.php(13): CApplication->run()
#11 {main}
REQUEST_URI=/klinik-app/index.php/site/register
HTTP_REFERER=http://localhost/klinik-app/index.php/site/login
---
2024/08/31 21:39:16 [error] [exception.CDbException] CDbException: The table "user" for active record class "User" cannot be found in the database. in C:\xampp\htdocs\klinik-app\vendor\yiisoft\yii\framework\db\ar\CActiveRecord.php:2391
Stack trace:
#0 C:\xampp\htdocs\klinik-app\vendor\yiisoft\yii\framework\db\ar\CActiveRecord.php(413): CActiveRecordMetaData->__construct(Object(User))
#1 C:\xampp\htdocs\klinik-app\vendor\yiisoft\yii\framework\db\ar\CActiveRecord.php(663): CActiveRecord->getMetaData()
#2 C:\xampp\htdocs\klinik-app\vendor\yiisoft\yii\framework\db\ar\CActiveRecord.php(1526): CActiveRecord->getTableSchema()
#3 C:\xampp\htdocs\klinik-app\protected\components\UserIdentity.php(20): CActiveRecord->findByAttributes(Array)
#4 C:\xampp\htdocs\klinik-app\protected\models\LoginForm.php(29): UserIdentity->authenticate()
#5 C:\xampp\htdocs\klinik-app\vendor\yiisoft\yii\framework\validators\CInlineValidator.php(42): LoginForm->authenticate('password', Array)
#6 C:\xampp\htdocs\klinik-app\vendor\yiisoft\yii\framework\validators\CValidator.php(201): CInlineValidator->validateAttribute(Object(LoginForm), 'password')
#7 C:\xampp\htdocs\klinik-app\vendor\yiisoft\yii\framework\base\CModel.php(159): CValidator->validate(Object(LoginForm), Array)
#8 C:\xampp\htdocs\klinik-app\protected\controllers\SiteController.php(103): CModel->validate()
#9 C:\xampp\htdocs\klinik-app\vendor\yiisoft\yii\framework\web\actions\CInlineAction.php(49): SiteController->actionLogin()
#10 C:\xampp\htdocs\klinik-app\vendor\yiisoft\yii\framework\web\CController.php(308): CInlineAction->runWithParams(Array)
#11 C:\xampp\htdocs\klinik-app\vendor\yiisoft\yii\framework\web\CController.php(286): CController->runAction(Object(CInlineAction))
#12 C:\xampp\htdocs\klinik-app\vendor\yiisoft\yii\framework\web\CController.php(265): CController->runActionWithFilters(Object(CInlineAction), Array)
#13 C:\xampp\htdocs\klinik-app\vendor\yiisoft\yii\framework\web\CWebApplication.php(282): CController->run('login')
#14 C:\xampp\htdocs\klinik-app\vendor\yiisoft\yii\framework\web\CWebApplication.php(141): CWebApplication->runController('site/login')
#15 C:\xampp\htdocs\klinik-app\vendor\yiisoft\yii\framework\base\CApplication.php(185): CWebApplication->processRequest()
#16 C:\xampp\htdocs\klinik-app\index.php(13): CApplication->run()
#17 {main}
REQUEST_URI=/klinik-app/index.php/site/login
HTTP_REFERER=http://localhost/klinik-app/index.php/site/login
---
2024/08/31 21:44:32 [error] [exception.CDbException] CDbException: The table "user" for active record class "User" cannot be found in the database. in C:\xampp\htdocs\klinik-app\vendor\yiisoft\yii\framework\db\ar\CActiveRecord.php:2391
Stack trace:
#0 C:\xampp\htdocs\klinik-app\vendor\yiisoft\yii\framework\db\ar\CActiveRecord.php(413): CActiveRecordMetaData->__construct(Object(User))
#1 C:\xampp\htdocs\klinik-app\vendor\yiisoft\yii\framework\db\ar\CActiveRecord.php(663): CActiveRecord->getMetaData()
#2 C:\xampp\htdocs\klinik-app\vendor\yiisoft\yii\framework\db\ar\CActiveRecord.php(1526): CActiveRecord->getTableSchema()
#3 C:\xampp\htdocs\klinik-app\protected\components\UserIdentity.php(20): CActiveRecord->findByAttributes(Array)
#4 C:\xampp\htdocs\klinik-app\protected\models\LoginForm.php(29): UserIdentity->authenticate()
#5 C:\xampp\htdocs\klinik-app\vendor\yiisoft\yii\framework\validators\CInlineValidator.php(42): LoginForm->authenticate('password', Array)
#6 C:\xampp\htdocs\klinik-app\vendor\yiisoft\yii\framework\validators\CValidator.php(201): CInlineValidator->validateAttribute(Object(LoginForm), 'password')
#7 C:\xampp\htdocs\klinik-app\vendor\yiisoft\yii\framework\base\CModel.php(159): CValidator->validate(Object(LoginForm), Array)
#8 C:\xampp\htdocs\klinik-app\protected\controllers\SiteController.php(103): CModel->validate()
#9 C:\xampp\htdocs\klinik-app\vendor\yiisoft\yii\framework\web\actions\CInlineAction.php(49): SiteController->actionLogin()
#10 C:\xampp\htdocs\klinik-app\vendor\yiisoft\yii\framework\web\CController.php(308): CInlineAction->runWithParams(Array)
#11 C:\xampp\htdocs\klinik-app\vendor\yiisoft\yii\framework\web\CController.php(286): CController->runAction(Object(CInlineAction))
#12 C:\xampp\htdocs\klinik-app\vendor\yiisoft\yii\framework\web\CController.php(265): CController->runActionWithFilters(Object(CInlineAction), Array)
#13 C:\xampp\htdocs\klinik-app\vendor\yiisoft\yii\framework\web\CWebApplication.php(282): CController->run('login')
#14 C:\xampp\htdocs\klinik-app\vendor\yiisoft\yii\framework\web\CWebApplication.php(141): CWebApplication->runController('site/login')
#15 C:\xampp\htdocs\klinik-app\vendor\yiisoft\yii\framework\base\CApplication.php(185): CWebApplication->processRequest()
#16 C:\xampp\htdocs\klinik-app\index.php(13): CApplication->run()
#17 {main}
REQUEST_URI=/klinik-app/index.php/site/login
HTTP_REFERER=http://localhost/klinik-app/index.php/site/login
---
2024/08/31 21:44:34 [error] [exception.CDbException] CDbException: The table "user" for active record class "User" cannot be found in the database. in C:\xampp\htdocs\klinik-app\vendor\yiisoft\yii\framework\db\ar\CActiveRecord.php:2391
Stack trace:
#0 C:\xampp\htdocs\klinik-app\vendor\yiisoft\yii\framework\db\ar\CActiveRecord.php(413): CActiveRecordMetaData->__construct(Object(User))
#1 C:\xampp\htdocs\klinik-app\vendor\yiisoft\yii\framework\db\ar\CActiveRecord.php(79): CActiveRecord->getMetaData()
#2 C:\xampp\htdocs\klinik-app\protected\controllers\SiteController.php(80): CActiveRecord->__construct('register')
#3 C:\xampp\htdocs\klinik-app\vendor\yiisoft\yii\framework\web\actions\CInlineAction.php(49): SiteController->actionRegister()
#4 C:\xampp\htdocs\klinik-app\vendor\yiisoft\yii\framework\web\CController.php(308): CInlineAction->runWithParams(Array)
#5 C:\xampp\htdocs\klinik-app\vendor\yiisoft\yii\framework\web\CController.php(286): CController->runAction(Object(CInlineAction))
#6 C:\xampp\htdocs\klinik-app\vendor\yiisoft\yii\framework\web\CController.php(265): CController->runActionWithFilters(Object(CInlineAction), Array)
#7 C:\xampp\htdocs\klinik-app\vendor\yiisoft\yii\framework\web\CWebApplication.php(282): CController->run('register')
#8 C:\xampp\htdocs\klinik-app\vendor\yiisoft\yii\framework\web\CWebApplication.php(141): CWebApplication->runController('site/register')
#9 C:\xampp\htdocs\klinik-app\vendor\yiisoft\yii\framework\base\CApplication.php(185): CWebApplication->processRequest()
#10 C:\xampp\htdocs\klinik-app\index.php(13): CApplication->run()
#11 {main}
REQUEST_URI=/klinik-app/index.php/site/register
HTTP_REFERER=http://localhost/klinik-app/index.php/site/login
---
2024/08/31 21:47:09 [error] [exception.CDbException] CDbException: The table "user" for active record class "User" cannot be found in the database. in C:\xampp\htdocs\klinik-app\vendor\yiisoft\yii\framework\db\ar\CActiveRecord.php:2391
Stack trace:
#0 C:\xampp\htdocs\klinik-app\vendor\yiisoft\yii\framework\db\ar\CActiveRecord.php(413): CActiveRecordMetaData->__construct(Object(User))
#1 C:\xampp\htdocs\klinik-app\vendor\yiisoft\yii\framework\db\ar\CActiveRecord.php(79): CActiveRecord->getMetaData()
#2 C:\xampp\htdocs\klinik-app\protected\controllers\SiteController.php(80): CActiveRecord->__construct('register')
#3 C:\xampp\htdocs\klinik-app\vendor\yiisoft\yii\framework\web\actions\CInlineAction.php(49): SiteController->actionRegister()
#4 C:\xampp\htdocs\klinik-app\vendor\yiisoft\yii\framework\web\CController.php(308): CInlineAction->runWithParams(Array)
#5 C:\xampp\htdocs\klinik-app\vendor\yiisoft\yii\framework\web\CController.php(286): CController->runAction(Object(CInlineAction))
#6 C:\xampp\htdocs\klinik-app\vendor\yiisoft\yii\framework\web\CController.php(265): CController->runActionWithFilters(Object(CInlineAction), Array)
#7 C:\xampp\htdocs\klinik-app\vendor\yiisoft\yii\framework\web\CWebApplication.php(282): CController->run('register')
#8 C:\xampp\htdocs\klinik-app\vendor\yiisoft\yii\framework\web\CWebApplication.php(141): CWebApplication->runController('site/register')
#9 C:\xampp\htdocs\klinik-app\vendor\yiisoft\yii\framework\base\CApplication.php(185): CWebApplication->processRequest()
#10 C:\xampp\htdocs\klinik-app\index.php(13): CApplication->run()
#11 {main}
REQUEST_URI=/klinik-app/index.php/site/register
HTTP_REFERER=http://localhost/klinik-app/index.php/site/login
---
2024/08/31 21:59:56 [error] [exception.CException] CException: Property "CDbConnection.db" is not defined. in C:\xampp\htdocs\klinik-app\vendor\yiisoft\yii\framework\base\CComponent.php:172
Stack trace:
#0 C:\xampp\htdocs\klinik-app\vendor\yiisoft\yii\framework\YiiBase.php(227): CComponent->__set('db', Array)
#1 C:\xampp\htdocs\klinik-app\vendor\yiisoft\yii\framework\base\CModule.php(393): YiiBase::createComponent(Array)
#2 C:\xampp\htdocs\klinik-app\vendor\yiisoft\yii\framework\cli\commands\MigrateCommand.php(472): CModule->getComponent('db')
#3 C:\xampp\htdocs\klinik-app\vendor\yiisoft\yii\framework\cli\commands\MigrateCommand.php(481): MigrateCommand->getDbConnection()
#4 C:\xampp\htdocs\klinik-app\vendor\yiisoft\yii\framework\cli\commands\MigrateCommand.php(512): MigrateCommand->getMigrationHistory(-1)
#5 C:\xampp\htdocs\klinik-app\vendor\yiisoft\yii\framework\cli\commands\MigrateCommand.php(84): MigrateCommand->getNewMigrations()
#6 [internal function]: MigrateCommand->actionUp(Array)
#7 C:\xampp\htdocs\klinik-app\vendor\yiisoft\yii\framework\console\CConsoleCommand.php(177): ReflectionMethod->invokeArgs(Object(MigrateCommand), Array)
#8 C:\xampp\htdocs\klinik-app\vendor\yiisoft\yii\framework\console\CConsoleCommandRunner.php(71): CConsoleCommand->run(Array)
#9 C:\xampp\htdocs\klinik-app\vendor\yiisoft\yii\framework\console\CConsoleApplication.php(92): CConsoleCommandRunner->run(Array)
#10 C:\xampp\htdocs\klinik-app\vendor\yiisoft\yii\framework\base\CApplication.php(185): CConsoleApplication->processRequest()
#11 C:\xampp\htdocs\klinik-app\vendor\yiisoft\yii\framework\yiic.php(33): CApplication->run()
#12 C:\xampp\htdocs\klinik-app\protected\yiic.php(7): require_once('C:\\xampp\\htdocs...')
#13 {main}
---
2024/08/31 22:01:12 [error] [exception.CDbException] CDbException: The table "user" for active record class "User" cannot be found in the database. in C:\xampp\htdocs\klinik-app\vendor\yiisoft\yii\framework\db\ar\CActiveRecord.php:2391
Stack trace:
#0 C:\xampp\htdocs\klinik-app\vendor\yiisoft\yii\framework\db\ar\CActiveRecord.php(413): CActiveRecordMetaData->__construct(Object(User))
#1 C:\xampp\htdocs\klinik-app\vendor\yiisoft\yii\framework\db\ar\CActiveRecord.php(79): CActiveRecord->getMetaData()
#2 C:\xampp\htdocs\klinik-app\protected\controllers\SiteController.php(80): CActiveRecord->__construct('register')
#3 C:\xampp\htdocs\klinik-app\vendor\yiisoft\yii\framework\web\actions\CInlineAction.php(49): SiteController->actionRegister()
#4 C:\xampp\htdocs\klinik-app\vendor\yiisoft\yii\framework\web\CController.php(308): CInlineAction->runWithParams(Array)
#5 C:\xampp\htdocs\klinik-app\vendor\yiisoft\yii\framework\web\CController.php(286): CController->runAction(Object(CInlineAction))
#6 C:\xampp\htdocs\klinik-app\vendor\yiisoft\yii\framework\web\CController.php(265): CController->runActionWithFilters(Object(CInlineAction), Array)
#7 C:\xampp\htdocs\klinik-app\vendor\yiisoft\yii\framework\web\CWebApplication.php(282): CController->run('register')
#8 C:\xampp\htdocs\klinik-app\vendor\yiisoft\yii\framework\web\CWebApplication.php(141): CWebApplication->runController('site/register')
#9 C:\xampp\htdocs\klinik-app\vendor\yiisoft\yii\framework\base\CApplication.php(185): CWebApplication->processRequest()
#10 C:\xampp\htdocs\klinik-app\index.php(13): CApplication->run()
#11 {main}
REQUEST_URI=/klinik-app/index.php/site/register
HTTP_REFERER=http://localhost/klinik-app/index.php/site/login
---
2024/08/31 22:09:50 [error] [php] include(m240831_195844_create_user_table.php): Failed to open stream: No such file or directory (C:\xampp\htdocs\klinik-app\vendor\yiisoft\yii\framework\YiiBase.php:463)
Stack trace:
#0 C:\xampp\htdocs\klinik-app\vendor\yiisoft\yii\framework\YiiBase.php(463): include()
#1 C:\xampp\htdocs\klinik-app\vendor\yiisoft\yii\framework\cli\commands\MigrateCommand.php(459): autoload()
#2 C:\xampp\htdocs\klinik-app\vendor\yiisoft\yii\framework\cli\commands\MigrateCommand.php(414): MigrateCommand->instantiateMigration()
#3 C:\xampp\htdocs\klinik-app\vendor\yiisoft\yii\framework\cli\commands\MigrateCommand.php(109): MigrateCommand->migrateUp()
#4 unknown(0): MigrateCommand->actionUp()
#5 C:\xampp\htdocs\klinik-app\vendor\yiisoft\yii\framework\console\CConsoleCommand.php(177): ReflectionMethod->invokeArgs()
#6 C:\xampp\htdocs\klinik-app\vendor\yiisoft\yii\framework\console\CConsoleCommandRunner.php(71): MigrateCommand->run()
#7 C:\xampp\htdocs\klinik-app\vendor\yiisoft\yii\framework\console\CConsoleApplication.php(92): CConsoleCommandRunner->run()
#8 C:\xampp\htdocs\klinik-app\vendor\yiisoft\yii\framework\base\CApplication.php(185): CConsoleApplication->processRequest()
#9 C:\xampp\htdocs\klinik-app\vendor\yiisoft\yii\framework\yiic.php(33): CConsoleApplication->run()
#10 C:\xampp\htdocs\klinik-app\protected\yiic.php(7): require_once()

2024/08/31 22:25:18 [error] [exception.CException] CException: Property "User.password_repeat" is not defined. in C:\xampp\htdocs\klinik-app\vendor\yiisoft\yii\framework\base\CComponent.php:130
Stack trace:
#0 C:\xampp\htdocs\klinik-app\vendor\yiisoft\yii\framework\db\ar\CActiveRecord.php(145): CComponent->__get('password_repeat')
#1 C:\xampp\htdocs\klinik-app\vendor\yiisoft\yii\framework\web\helpers\CHtml.php(2784): CActiveRecord->__get('password_repeat')
#2 C:\xampp\htdocs\klinik-app\vendor\yiisoft\yii\framework\web\helpers\CHtml.php(2507): CHtml::resolveValue(Object(User), 'password_repeat')
#3 C:\xampp\htdocs\klinik-app\vendor\yiisoft\yii\framework\web\helpers\CHtml.php(1828): CHtml::activeInputField('password', Object(User), 'password_repeat', Array)
#4 C:\xampp\htdocs\klinik-app\vendor\yiisoft\yii\framework\web\widgets\CActiveForm.php(839): CHtml::activePasswordField(Object(User), 'password_repeat', Array)
#5 C:\xampp\htdocs\klinik-app\protected\views\site\register.php(33): CActiveForm->passwordField(Object(User), 'password_repeat')
#6 C:\xampp\htdocs\klinik-app\vendor\yiisoft\yii\framework\web\CBaseController.php(126): require('C:\\xampp\\htdocs...')
#7 C:\xampp\htdocs\klinik-app\vendor\yiisoft\yii\framework\web\CBaseController.php(95): CBaseController->renderInternal('C:\\xampp\\htdocs...', Array, true)
#8 C:\xampp\htdocs\klinik-app\vendor\yiisoft\yii\framework\web\CController.php(872): CBaseController->renderFile('C:\\xampp\\htdocs...', Array, true)
#9 C:\xampp\htdocs\klinik-app\vendor\yiisoft\yii\framework\web\CController.php(785): CController->renderPartial('register', Array, true)
#10 C:\xampp\htdocs\klinik-app\protected\controllers\SiteController.php(94): CController->render('register', Array)
#11 C:\xampp\htdocs\klinik-app\vendor\yiisoft\yii\framework\web\actions\CInlineAction.php(49): SiteController->actionRegister()
#12 C:\xampp\htdocs\klinik-app\vendor\yiisoft\yii\framework\web\CController.php(308): CInlineAction->runWithParams(Array)
#13 C:\xampp\htdocs\klinik-app\vendor\yiisoft\yii\framework\web\CController.php(286): CController->runAction(Object(CInlineAction))
#14 C:\xampp\htdocs\klinik-app\vendor\yiisoft\yii\framework\web\CController.php(265): CController->runActionWithFilters(Object(CInlineAction), Array)
#15 C:\xampp\htdocs\klinik-app\vendor\yiisoft\yii\framework\web\CWebApplication.php(282): CController->run('register')
#16 C:\xampp\htdocs\klinik-app\vendor\yiisoft\yii\framework\web\CWebApplication.php(141): CWebApplication->runController('site/register')
#17 C:\xampp\htdocs\klinik-app\vendor\yiisoft\yii\framework\base\CApplication.php(185): CWebApplication->processRequest()
#18 C:\xampp\htdocs\klinik-app\index.php(13): CApplication->run()
#19 {main}
REQUEST_URI=/klinik-app/index.php/site/register
HTTP_REFERER=http://localhost/klinik-app/index.php/site/login
---
2024/08/31 23:24:42 [error] [exception.CHttpException.404] CHttpException: Unable to resolve the request "api/users". in C:\xampp\htdocs\klinik-app\vendor\yiisoft\yii\framework\web\CWebApplication.php:286
Stack trace:
#0 C:\xampp\htdocs\klinik-app\vendor\yiisoft\yii\framework\web\CWebApplication.php(141): CWebApplication->runController('api/users')
#1 C:\xampp\htdocs\klinik-app\vendor\yiisoft\yii\framework\base\CApplication.php(185): CWebApplication->processRequest()
#2 C:\xampp\htdocs\klinik-app\index.php(15): CApplication->run()
#3 {main}
REQUEST_URI=/klinik-app/index.php/api/users
---
2024/08/31 23:26:25 [error] [exception.CHttpException.404] CHttpException: Unable to resolve the request "api/users". in C:\xampp\htdocs\klinik-app\vendor\yiisoft\yii\framework\web\CWebApplication.php:286
Stack trace:
#0 C:\xampp\htdocs\klinik-app\vendor\yiisoft\yii\framework\web\CWebApplication.php(141): CWebApplication->runController('api/users')
#1 C:\xampp\htdocs\klinik-app\vendor\yiisoft\yii\framework\base\CApplication.php(185): CWebApplication->processRequest()
#2 C:\xampp\htdocs\klinik-app\index.php(15): CApplication->run()
#3 {main}
REQUEST_URI=/klinik-app/index.php/api/users
---
2024/08/31 23:30:23 [warning] [application] Failed to set unsafe attribute "password_hash" of "User".
in C:\xampp\htdocs\klinik-app\protected\controllers\UserApiController.php (36)
in C:\xampp\htdocs\klinik-app\index.php (15)
2024/08/31 23:30:23 [warning] [application] Failed to set unsafe attribute "role" of "User".
in C:\xampp\htdocs\klinik-app\protected\controllers\UserApiController.php (36)
in C:\xampp\htdocs\klinik-app\index.php (15)
2024/08/31 23:30:30 [warning] [application] Failed to set unsafe attribute "password_hash" of "User".
in C:\xampp\htdocs\klinik-app\protected\controllers\UserApiController.php (36)
in C:\xampp\htdocs\klinik-app\index.php (15)
2024/08/31 23:30:30 [warning] [application] Failed to set unsafe attribute "role" of "User".
in C:\xampp\htdocs\klinik-app\protected\controllers\UserApiController.php (36)
in C:\xampp\htdocs\klinik-app\index.php (15)
2024/08/31 23:30:38 [warning] [application] Failed to set unsafe attribute "password_hash" of "User".
in C:\xampp\htdocs\klinik-app\protected\controllers\UserApiController.php (36)
in C:\xampp\htdocs\klinik-app\index.php (15)
2024/08/31 23:30:38 [warning] [application] Failed to set unsafe attribute "role" of "User".
in C:\xampp\htdocs\klinik-app\protected\controllers\UserApiController.php (36)
in C:\xampp\htdocs\klinik-app\index.php (15)
2024/08/31 23:30:45 [warning] [application] Failed to set unsafe attribute "password_hash" of "User".
in C:\xampp\htdocs\klinik-app\protected\controllers\UserApiController.php (36)
in C:\xampp\htdocs\klinik-app\index.php (15)
2024/08/31 23:30:45 [warning] [application] Failed to set unsafe attribute "role" of "User".
in C:\xampp\htdocs\klinik-app\protected\controllers\UserApiController.php (36)
in C:\xampp\htdocs\klinik-app\index.php (15)
2024/08/31 23:31:31 [warning] [application] Failed to set unsafe attribute "role" of "User".
in C:\xampp\htdocs\klinik-app\protected\controllers\UserApiController.php (36)
in C:\xampp\htdocs\klinik-app\index.php (15)
2024/08/31 23:32:19 [warning] [application] Failed to set unsafe attribute "role" of "User".
in C:\xampp\htdocs\klinik-app\protected\controllers\UserApiController.php (36)
in C:\xampp\htdocs\klinik-app\index.php (15)
2024/08/31 23:32:20 [error] [exception.CException] CException: Property "User.role" is not defined. in C:\xampp\htdocs\klinik-app\vendor\yiisoft\yii\framework\base\CComponent.php:130
Stack trace:
#0 C:\xampp\htdocs\klinik-app\vendor\yiisoft\yii\framework\db\ar\CActiveRecord.php(145): CComponent->__get('role')
#1 C:\xampp\htdocs\klinik-app\protected\models\User.php(51): CActiveRecord->__get('role')
#2 C:\xampp\htdocs\klinik-app\vendor\yiisoft\yii\framework\db\ar\CActiveRecord.php(1103): User->afterSave()
#3 C:\xampp\htdocs\klinik-app\vendor\yiisoft\yii\framework\db\ar\CActiveRecord.php(811): CActiveRecord->insert(NULL)
#4 C:\xampp\htdocs\klinik-app\protected\controllers\UserApiController.php(38): CActiveRecord->save()
#5 C:\xampp\htdocs\klinik-app\vendor\yiisoft\yii\framework\web\actions\CInlineAction.php(49): UserApiController->actionCreate()
#6 C:\xampp\htdocs\klinik-app\vendor\yiisoft\yii\framework\web\CController.php(308): CInlineAction->runWithParams(Array)
#7 C:\xampp\htdocs\klinik-app\vendor\yiisoft\yii\framework\web\CController.php(286): CController->runAction(Object(CInlineAction))
#8 C:\xampp\htdocs\klinik-app\vendor\yiisoft\yii\framework\web\CController.php(265): CController->runActionWithFilters(Object(CInlineAction), Array)
#9 C:\xampp\htdocs\klinik-app\vendor\yiisoft\yii\framework\web\CWebApplication.php(282): CController->run('create')
#10 C:\xampp\htdocs\klinik-app\vendor\yiisoft\yii\framework\web\CWebApplication.php(141): CWebApplication->runController('userApi/create')
#11 C:\xampp\htdocs\klinik-app\vendor\yiisoft\yii\framework\base\CApplication.php(185): CWebApplication->processRequest()
#12 C:\xampp\htdocs\klinik-app\index.php(15): CApplication->run()
#13 {main}
REQUEST_URI=/klinik-app/index.php/api/users/create
---
2024/08/31 23:32:31 [warning] [application] Failed to set unsafe attribute "role" of "User".
in C:\xampp\htdocs\klinik-app\protected\controllers\UserApiController.php (36)
in C:\xampp\htdocs\klinik-app\index.php (15)
2024/08/31 23:33:42 [error] [exception.CHttpException.404] CHttpException: Unable to resolve the request "api/users". in C:\xampp\htdocs\klinik-app\vendor\yiisoft\yii\framework\web\CWebApplication.php:286
Stack trace:
#0 C:\xampp\htdocs\klinik-app\vendor\yiisoft\yii\framework\web\CWebApplication.php(141): CWebApplication->runController('api/users')
#1 C:\xampp\htdocs\klinik-app\vendor\yiisoft\yii\framework\base\CApplication.php(185): CWebApplication->processRequest()
#2 C:\xampp\htdocs\klinik-app\index.php(15): CApplication->run()
#3 {main}
REQUEST_URI=/klinik-app/index.php/api/users
---
2024/08/31 23:33:49 [error] [exception.CHttpException.404] CHttpException: Unable to resolve the request "api/users/get". in C:\xampp\htdocs\klinik-app\vendor\yiisoft\yii\framework\web\CWebApplication.php:286
Stack trace:
#0 C:\xampp\htdocs\klinik-app\vendor\yiisoft\yii\framework\web\CWebApplication.php(141): CWebApplication->runController('api/users/get')
#1 C:\xampp\htdocs\klinik-app\vendor\yiisoft\yii\framework\base\CApplication.php(185): CWebApplication->processRequest()
#2 C:\xampp\htdocs\klinik-app\index.php(15): CApplication->run()
#3 {main}
REQUEST_URI=/klinik-app/index.php/api/users/get
---
2024/08/31 23:34:20 [error] [exception.CHttpException.404] CHttpException: Unable to resolve the request "api/users". in C:\xampp\htdocs\klinik-app\vendor\yiisoft\yii\framework\web\CWebApplication.php:286
Stack trace:
#0 C:\xampp\htdocs\klinik-app\vendor\yiisoft\yii\framework\web\CWebApplication.php(141): CWebApplication->runController('api/users')
#1 C:\xampp\htdocs\klinik-app\vendor\yiisoft\yii\framework\base\CApplication.php(185): CWebApplication->processRequest()
#2 C:\xampp\htdocs\klinik-app\index.php(15): CApplication->run()
#3 {main}
REQUEST_URI=/klinik-app/index.php/api/users
---
2024/09/01 02:03:57 [error] [system.db.CDbCommand] CDbCommand::execute() failed: SQLSTATE[23503]: Foreign key violation: 7 ERROR:  insert or update on table "authassignment" violates foreign key constraint "authassignment_itemname_fkey"
DETAIL:  Key (itemname)=(admin) is not present in table "authitem".. The SQL statement executed was: INSERT INTO "authassignment" ("itemname", "userid", "bizrule", "data") VALUES (:itemname, :userid, :bizrule, :data).
in C:\xampp\htdocs\klinik-app\protected\models\User.php (52)
in C:\xampp\htdocs\klinik-app\protected\controllers\SiteController.php (83)
in C:\xampp\htdocs\klinik-app\index.php (15)
2024/09/01 02:03:57 [error] [exception.CDbException] CDbException: CDbCommand failed to execute the SQL statement: SQLSTATE[23503]: Foreign key violation: 7 ERROR:  insert or update on table "authassignment" violates foreign key constraint "authassignment_itemname_fkey"
DETAIL:  Key (itemname)=(admin) is not present in table "authitem".. The SQL statement executed was: INSERT INTO "authassignment" ("itemname", "userid", "bizrule", "data") VALUES (:itemname, :userid, :bizrule, :data) in C:\xampp\htdocs\klinik-app\vendor\yiisoft\yii\framework\db\CDbCommand.php:358
Stack trace:
#0 C:\xampp\htdocs\klinik-app\vendor\yiisoft\yii\framework\db\CDbCommand.php(1278): CDbCommand->execute(Array)
#1 C:\xampp\htdocs\klinik-app\vendor\yiisoft\yii\framework\web\auth\CDbAuthManager.php(258): CDbCommand->insert('authassignment', Array)
#2 C:\xampp\htdocs\klinik-app\protected\models\User.php(52): CDbAuthManager->assign('admin', 'rio')
#3 C:\xampp\htdocs\klinik-app\vendor\yiisoft\yii\framework\db\ar\CActiveRecord.php(1103): User->afterSave()
#4 C:\xampp\htdocs\klinik-app\vendor\yiisoft\yii\framework\db\ar\CActiveRecord.php(811): CActiveRecord->insert(NULL)
#5 C:\xampp\htdocs\klinik-app\protected\controllers\SiteController.php(83): CActiveRecord->save()
#6 C:\xampp\htdocs\klinik-app\vendor\yiisoft\yii\framework\web\actions\CInlineAction.php(49): SiteController->actionRegister()
#7 C:\xampp\htdocs\klinik-app\vendor\yiisoft\yii\framework\web\CController.php(308): CInlineAction->runWithParams(Array)
#8 C:\xampp\htdocs\klinik-app\vendor\yiisoft\yii\framework\web\CController.php(286): CController->runAction(Object(CInlineAction))
#9 C:\xampp\htdocs\klinik-app\vendor\yiisoft\yii\framework\web\CController.php(265): CController->runActionWithFilters(Object(CInlineAction), Array)
#10 C:\xampp\htdocs\klinik-app\vendor\yiisoft\yii\framework\web\CWebApplication.php(282): CController->run('register')
#11 C:\xampp\htdocs\klinik-app\vendor\yiisoft\yii\framework\web\CWebApplication.php(141): CWebApplication->runController('site/register')
#12 C:\xampp\htdocs\klinik-app\vendor\yiisoft\yii\framework\base\CApplication.php(185): CWebApplication->processRequest()
#13 C:\xampp\htdocs\klinik-app\index.php(15): CApplication->run()
#14 {main}
REQUEST_URI=/klinik-app/index.php/site/register
HTTP_REFERER=http://localhost/klinik-app/index.php/site/register
---
2024/09/01 02:05:52 [error] [system.db.CDbCommand] CDbCommand::execute() failed: SQLSTATE[23505]: Unique violation: 7 ERROR:  duplicate key value violates unique constraint "user_username_key"
DETAIL:  Key (username)=(rio) already exists.. The SQL statement executed was: INSERT INTO "user" ("username", "password", "role") VALUES (:yp0, :yp1, :yp2).
in C:\xampp\htdocs\klinik-app\protected\controllers\SiteController.php (83)
in C:\xampp\htdocs\klinik-app\index.php (15)
2024/09/01 02:05:52 [error] [exception.CDbException] CDbException: CDbCommand failed to execute the SQL statement: SQLSTATE[23505]: Unique violation: 7 ERROR:  duplicate key value violates unique constraint "user_username_key"
DETAIL:  Key (username)=(rio) already exists.. The SQL statement executed was: INSERT INTO "user" ("username", "password", "role") VALUES (:yp0, :yp1, :yp2) in C:\xampp\htdocs\klinik-app\vendor\yiisoft\yii\framework\db\CDbCommand.php:358
Stack trace:
#0 C:\xampp\htdocs\klinik-app\vendor\yiisoft\yii\framework\db\ar\CActiveRecord.php(1083): CDbCommand->execute()
#1 C:\xampp\htdocs\klinik-app\vendor\yiisoft\yii\framework\db\ar\CActiveRecord.php(811): CActiveRecord->insert(NULL)
#2 C:\xampp\htdocs\klinik-app\protected\controllers\SiteController.php(83): CActiveRecord->save()
#3 C:\xampp\htdocs\klinik-app\vendor\yiisoft\yii\framework\web\actions\CInlineAction.php(49): SiteController->actionRegister()
#4 C:\xampp\htdocs\klinik-app\vendor\yiisoft\yii\framework\web\CController.php(308): CInlineAction->runWithParams(Array)
#5 C:\xampp\htdocs\klinik-app\vendor\yiisoft\yii\framework\web\CController.php(286): CController->runAction(Object(CInlineAction))
#6 C:\xampp\htdocs\klinik-app\vendor\yiisoft\yii\framework\web\CController.php(265): CController->runActionWithFilters(Object(CInlineAction), Array)
#7 C:\xampp\htdocs\klinik-app\vendor\yiisoft\yii\framework\web\CWebApplication.php(282): CController->run('register')
#8 C:\xampp\htdocs\klinik-app\vendor\yiisoft\yii\framework\web\CWebApplication.php(141): CWebApplication->runController('site/register')
#9 C:\xampp\htdocs\klinik-app\vendor\yiisoft\yii\framework\base\CApplication.php(185): CWebApplication->processRequest()
#10 C:\xampp\htdocs\klinik-app\index.php(15): CApplication->run()
#11 {main}
REQUEST_URI=/klinik-app/index.php/site/register
HTTP_REFERER=http://localhost/klinik-app/index.php/site/register
---
2024/09/01 02:17:20 [error] [exception.CHttpException.404] CHttpException: The system is unable to find the requested action "dashboard". in C:\xampp\htdocs\klinik-app\vendor\yiisoft\yii\framework\web\CController.php:486
Stack trace:
#0 C:\xampp\htdocs\klinik-app\vendor\yiisoft\yii\framework\web\CController.php(270): CController->missingAction('dashboard')
#1 C:\xampp\htdocs\klinik-app\vendor\yiisoft\yii\framework\web\CWebApplication.php(282): CController->run('dashboard')
#2 C:\xampp\htdocs\klinik-app\vendor\yiisoft\yii\framework\web\CWebApplication.php(141): CWebApplication->runController('admin/dashboard')
#3 C:\xampp\htdocs\klinik-app\vendor\yiisoft\yii\framework\base\CApplication.php(185): CWebApplication->processRequest()
#4 C:\xampp\htdocs\klinik-app\index.php(15): CApplication->run()
#5 {main}
REQUEST_URI=/klinik-app/index.php/admin/dashboard
HTTP_REFERER=http://localhost/klinik-app/index.php/site/login
---
2024/09/01 02:28:28 [error] [exception.CHttpException.404] CHttpException: The system is unable to find the requested action "adminDashboard". in C:\xampp\htdocs\klinik-app\vendor\yiisoft\yii\framework\web\CController.php:486
Stack trace:
#0 C:\xampp\htdocs\klinik-app\vendor\yiisoft\yii\framework\web\CController.php(270): CController->missingAction('adminDashboard')
#1 C:\xampp\htdocs\klinik-app\vendor\yiisoft\yii\framework\web\CWebApplication.php(282): CController->run('adminDashboard')
#2 C:\xampp\htdocs\klinik-app\vendor\yiisoft\yii\framework\web\CWebApplication.php(141): CWebApplication->runController('site/adminDashb...')
#3 C:\xampp\htdocs\klinik-app\vendor\yiisoft\yii\framework\base\CApplication.php(185): CWebApplication->processRequest()
#4 C:\xampp\htdocs\klinik-app\index.php(15): CApplication->run()
#5 {main}
REQUEST_URI=/klinik-app/index.php/site/adminDashboard
HTTP_REFERER=http://localhost/klinik-app/index.php/site/login
---
2024/09/01 02:28:56 [error] [exception.CHttpException.404] CHttpException: The system is unable to find the requested action "home". in C:\xampp\htdocs\klinik-app\vendor\yiisoft\yii\framework\web\CController.php:486
Stack trace:
#0 C:\xampp\htdocs\klinik-app\vendor\yiisoft\yii\framework\web\CController.php(270): CController->missingAction('home')
#1 C:\xampp\htdocs\klinik-app\vendor\yiisoft\yii\framework\web\CWebApplication.php(282): CController->run('home')
#2 C:\xampp\htdocs\klinik-app\vendor\yiisoft\yii\framework\web\CWebApplication.php(141): CWebApplication->runController('site/home')
#3 C:\xampp\htdocs\klinik-app\vendor\yiisoft\yii\framework\base\CApplication.php(185): CWebApplication->processRequest()
#4 C:\xampp\htdocs\klinik-app\index.php(15): CApplication->run()
#5 {main}
REQUEST_URI=/klinik-app/index.php/site/home
HTTP_REFERER=http://localhost/klinik-app/index.php/site/login
---
2024/09/01 02:32:39 [error] [exception.CHttpException.404] CHttpException: The system is unable to find the requested action "adminDashboard". in C:\xampp\htdocs\klinik-app\vendor\yiisoft\yii\framework\web\CController.php:486
Stack trace:
#0 C:\xampp\htdocs\klinik-app\vendor\yiisoft\yii\framework\web\CController.php(270): CController->missingAction('adminDashboard')
#1 C:\xampp\htdocs\klinik-app\vendor\yiisoft\yii\framework\web\CWebApplication.php(282): CController->run('adminDashboard')
#2 C:\xampp\htdocs\klinik-app\vendor\yiisoft\yii\framework\web\CWebApplication.php(141): CWebApplication->runController('site/adminDashb...')
#3 C:\xampp\htdocs\klinik-app\vendor\yiisoft\yii\framework\base\CApplication.php(185): CWebApplication->processRequest()
#4 C:\xampp\htdocs\klinik-app\index.php(15): CApplication->run()
#5 {main}
REQUEST_URI=/klinik-app/index.php/site/adminDashboard
HTTP_REFERER=http://localhost/klinik-app/index.php/site/login
---
2024/09/01 02:34:11 [error] [exception.CHttpException.404] CHttpException: The system is unable to find the requested action "home". in C:\xampp\htdocs\klinik-app\vendor\yiisoft\yii\framework\web\CController.php:486
Stack trace:
#0 C:\xampp\htdocs\klinik-app\vendor\yiisoft\yii\framework\web\CController.php(270): CController->missingAction('home')
#1 C:\xampp\htdocs\klinik-app\vendor\yiisoft\yii\framework\web\CWebApplication.php(282): CController->run('home')
#2 C:\xampp\htdocs\klinik-app\vendor\yiisoft\yii\framework\web\CWebApplication.php(141): CWebApplication->runController('site/home')
#3 C:\xampp\htdocs\klinik-app\vendor\yiisoft\yii\framework\base\CApplication.php(185): CWebApplication->processRequest()
#4 C:\xampp\htdocs\klinik-app\index.php(15): CApplication->run()
#5 {main}
REQUEST_URI=/klinik-app/index.php/site/home
HTTP_REFERER=http://localhost/klinik-app/index.php/site/login
---
2024/09/01 02:34:18 [error] [exception.CHttpException.404] CHttpException: The system is unable to find the requested action "home". in C:\xampp\htdocs\klinik-app\vendor\yiisoft\yii\framework\web\CController.php:486
Stack trace:
#0 C:\xampp\htdocs\klinik-app\vendor\yiisoft\yii\framework\web\CController.php(270): CController->missingAction('home')
#1 C:\xampp\htdocs\klinik-app\vendor\yiisoft\yii\framework\web\CWebApplication.php(282): CController->run('home')
#2 C:\xampp\htdocs\klinik-app\vendor\yiisoft\yii\framework\web\CWebApplication.php(141): CWebApplication->runController('site/home')
#3 C:\xampp\htdocs\klinik-app\vendor\yiisoft\yii\framework\base\CApplication.php(185): CWebApplication->processRequest()
#4 C:\xampp\htdocs\klinik-app\index.php(15): CApplication->run()
#5 {main}
REQUEST_URI=/klinik-app/index.php/site/home
HTTP_REFERER=http://localhost/klinik-app/index.php/site/login
---
2024/09/01 02:34:32 [error] [exception.CHttpException.404] CHttpException: The system is unable to find the requested action "adminDashboard". in C:\xampp\htdocs\klinik-app\vendor\yiisoft\yii\framework\web\CController.php:486
Stack trace:
#0 C:\xampp\htdocs\klinik-app\vendor\yiisoft\yii\framework\web\CController.php(270): CController->missingAction('adminDashboard')
#1 C:\xampp\htdocs\klinik-app\vendor\yiisoft\yii\framework\web\CWebApplication.php(282): CController->run('adminDashboard')
#2 C:\xampp\htdocs\klinik-app\vendor\yiisoft\yii\framework\web\CWebApplication.php(141): CWebApplication->runController('site/adminDashb...')
#3 C:\xampp\htdocs\klinik-app\vendor\yiisoft\yii\framework\base\CApplication.php(185): CWebApplication->processRequest()
#4 C:\xampp\htdocs\klinik-app\index.php(15): CApplication->run()
#5 {main}
REQUEST_URI=/klinik-app/index.php/site/adminDashboard
HTTP_REFERER=http://localhost/klinik-app/index.php/site/login
---
2024/09/01 02:41:32 [error] [exception.CHttpException.404] CHttpException: The system is unable to find the requested action "adminDashboard". in C:\xampp\htdocs\klinik-app\vendor\yiisoft\yii\framework\web\CController.php:486
Stack trace:
#0 C:\xampp\htdocs\klinik-app\vendor\yiisoft\yii\framework\web\CController.php(270): CController->missingAction('adminDashboard')
#1 C:\xampp\htdocs\klinik-app\vendor\yiisoft\yii\framework\web\CWebApplication.php(282): CController->run('adminDashboard')
#2 C:\xampp\htdocs\klinik-app\vendor\yiisoft\yii\framework\web\CWebApplication.php(141): CWebApplication->runController('site/adminDashb...')
#3 C:\xampp\htdocs\klinik-app\vendor\yiisoft\yii\framework\base\CApplication.php(185): CWebApplication->processRequest()
#4 C:\xampp\htdocs\klinik-app\index.php(15): CApplication->run()
#5 {main}
REQUEST_URI=/klinik-app/index.php/site/adminDashboard
HTTP_REFERER=http://localhost/klinik-app/index.php/site/login
---
2024/09/01 02:41:34 [error] [exception.CHttpException.404] CHttpException: The system is unable to find the requested action "adminDashboard". in C:\xampp\htdocs\klinik-app\vendor\yiisoft\yii\framework\web\CController.php:486
Stack trace:
#0 C:\xampp\htdocs\klinik-app\vendor\yiisoft\yii\framework\web\CController.php(270): CController->missingAction('adminDashboard')
#1 C:\xampp\htdocs\klinik-app\vendor\yiisoft\yii\framework\web\CWebApplication.php(282): CController->run('adminDashboard')
#2 C:\xampp\htdocs\klinik-app\vendor\yiisoft\yii\framework\web\CWebApplication.php(141): CWebApplication->runController('site/adminDashb...')
#3 C:\xampp\htdocs\klinik-app\vendor\yiisoft\yii\framework\base\CApplication.php(185): CWebApplication->processRequest()
#4 C:\xampp\htdocs\klinik-app\index.php(15): CApplication->run()
#5 {main}
REQUEST_URI=/klinik-app/index.php/site/adminDashboard
HTTP_REFERER=http://localhost/klinik-app/index.php/site/login
---
2024/09/01 02:41:35 [error] [exception.CHttpException.404] CHttpException: The system is unable to find the requested action "adminDashboard". in C:\xampp\htdocs\klinik-app\vendor\yiisoft\yii\framework\web\CController.php:486
Stack trace:
#0 C:\xampp\htdocs\klinik-app\vendor\yiisoft\yii\framework\web\CController.php(270): CController->missingAction('adminDashboard')
#1 C:\xampp\htdocs\klinik-app\vendor\yiisoft\yii\framework\web\CWebApplication.php(282): CController->run('adminDashboard')
#2 C:\xampp\htdocs\klinik-app\vendor\yiisoft\yii\framework\web\CWebApplication.php(141): CWebApplication->runController('site/adminDashb...')
#3 C:\xampp\htdocs\klinik-app\vendor\yiisoft\yii\framework\base\CApplication.php(185): CWebApplication->processRequest()
#4 C:\xampp\htdocs\klinik-app\index.php(15): CApplication->run()
#5 {main}
REQUEST_URI=/klinik-app/index.php/site/adminDashboard
HTTP_REFERER=http://localhost/klinik-app/index.php/site/login
---
2024/09/01 02:41:46 [error] [exception.CHttpException.404] CHttpException: The system is unable to find the requested action "adminDashboard". in C:\xampp\htdocs\klinik-app\vendor\yiisoft\yii\framework\web\CController.php:486
Stack trace:
#0 C:\xampp\htdocs\klinik-app\vendor\yiisoft\yii\framework\web\CController.php(270): CController->missingAction('adminDashboard')
#1 C:\xampp\htdocs\klinik-app\vendor\yiisoft\yii\framework\web\CWebApplication.php(282): CController->run('adminDashboard')
#2 C:\xampp\htdocs\klinik-app\vendor\yiisoft\yii\framework\web\CWebApplication.php(141): CWebApplication->runController('site/adminDashb...')
#3 C:\xampp\htdocs\klinik-app\vendor\yiisoft\yii\framework\base\CApplication.php(185): CWebApplication->processRequest()
#4 C:\xampp\htdocs\klinik-app\index.php(15): CApplication->run()
#5 {main}
REQUEST_URI=/klinik-app/index.php/site/adminDashboard
HTTP_REFERER=http://localhost/klinik-app/index.php/site/login
---
2024/09/01 02:43:28 [error] [exception.CHttpException.404] CHttpException: The system is unable to find the requested action "adminDashboard". in C:\xampp\htdocs\klinik-app\vendor\yiisoft\yii\framework\web\CController.php:486
Stack trace:
#0 C:\xampp\htdocs\klinik-app\vendor\yiisoft\yii\framework\web\CController.php(270): CController->missingAction('adminDashboard')
#1 C:\xampp\htdocs\klinik-app\vendor\yiisoft\yii\framework\web\CWebApplication.php(282): CController->run('adminDashboard')
#2 C:\xampp\htdocs\klinik-app\vendor\yiisoft\yii\framework\web\CWebApplication.php(141): CWebApplication->runController('site/adminDashb...')
#3 C:\xampp\htdocs\klinik-app\vendor\yiisoft\yii\framework\base\CApplication.php(185): CWebApplication->processRequest()
#4 C:\xampp\htdocs\klinik-app\index.php(15): CApplication->run()
#5 {main}
REQUEST_URI=/klinik-app/index.php/site/adminDashboard
HTTP_REFERER=http://localhost/klinik-app/index.php/site/login
---
2024/09/01 02:44:59 [error] [exception.CHttpException.404] CHttpException: The system is unable to find the requested action "dashboard". in C:\xampp\htdocs\klinik-app\vendor\yiisoft\yii\framework\web\CController.php:486
Stack trace:
#0 C:\xampp\htdocs\klinik-app\vendor\yiisoft\yii\framework\web\CController.php(270): CController->missingAction('dashboard')
#1 C:\xampp\htdocs\klinik-app\vendor\yiisoft\yii\framework\web\CWebApplication.php(282): CController->run('dashboard')
#2 C:\xampp\htdocs\klinik-app\vendor\yiisoft\yii\framework\web\CWebApplication.php(141): CWebApplication->runController('admin/dashboard')
#3 C:\xampp\htdocs\klinik-app\vendor\yiisoft\yii\framework\base\CApplication.php(185): CWebApplication->processRequest()
#4 C:\xampp\htdocs\klinik-app\index.php(15): CApplication->run()
#5 {main}
REQUEST_URI=/klinik-app/index.php/admin/dashboard
HTTP_REFERER=http://localhost/klinik-app/index.php/site/login
---
